                                      1 ;--------------------------------------------------------
                                      2 ; File Created by SDCC : free open source ISO C Compiler 
                                      3 ; Version 4.3.2 #14228 (Linux)
                                      4 ;--------------------------------------------------------
                                      5 	.module dungeon_tiles
                                      6 	.optsdcc -msm83
                                      7 	
                                      8 ;--------------------------------------------------------
                                      9 ; Public variables in this module
                                     10 ;--------------------------------------------------------
                                     11 	.globl _dungeon_tiles
                                     12 ;--------------------------------------------------------
                                     13 ; special function registers
                                     14 ;--------------------------------------------------------
                                     15 ;--------------------------------------------------------
                                     16 ; ram data
                                     17 ;--------------------------------------------------------
                                     18 	.area _DATA
                                     19 ;--------------------------------------------------------
                                     20 ; ram data
                                     21 ;--------------------------------------------------------
                                     22 	.area _INITIALIZED
                                     23 ;--------------------------------------------------------
                                     24 ; absolute external ram data
                                     25 ;--------------------------------------------------------
                                     26 	.area _DABS (ABS)
                                     27 ;--------------------------------------------------------
                                     28 ; global & static initialisations
                                     29 ;--------------------------------------------------------
                                     30 	.area _HOME
                                     31 	.area _GSINIT
                                     32 	.area _GSFINAL
                                     33 	.area _GSINIT
                                     34 ;--------------------------------------------------------
                                     35 ; Home
                                     36 ;--------------------------------------------------------
                                     37 	.area _HOME
                                     38 	.area _HOME
                                     39 ;--------------------------------------------------------
                                     40 ; code
                                     41 ;--------------------------------------------------------
                                     42 	.area _CODE
                                     43 	.area _CODE
      000000                         44 _dungeon_tiles:
      000000 00                      45 	.db #0x00	; 0
      000001 FF                      46 	.db #0xff	; 255
      000002 00                      47 	.db #0x00	; 0
      000003 FF                      48 	.db #0xff	; 255
      000004 00                      49 	.db #0x00	; 0
      000005 FF                      50 	.db #0xff	; 255
      000006 00                      51 	.db #0x00	; 0
      000007 FF                      52 	.db #0xff	; 255
      000008 00                      53 	.db #0x00	; 0
      000009 FF                      54 	.db #0xff	; 255
      00000A 00                      55 	.db #0x00	; 0
      00000B FF                      56 	.db #0xff	; 255
      00000C 00                      57 	.db #0x00	; 0
      00000D FF                      58 	.db #0xff	; 255
      00000E 00                      59 	.db #0x00	; 0
      00000F FF                      60 	.db #0xff	; 255
      000010 00                      61 	.db #0x00	; 0
      000011 00                      62 	.db #0x00	; 0
      000012 00                      63 	.db #0x00	; 0
      000013 00                      64 	.db #0x00	; 0
      000014 00                      65 	.db #0x00	; 0
      000015 00                      66 	.db #0x00	; 0
      000016 00                      67 	.db #0x00	; 0
      000017 00                      68 	.db #0x00	; 0
      000018 00                      69 	.db #0x00	; 0
      000019 00                      70 	.db #0x00	; 0
      00001A 00                      71 	.db #0x00	; 0
      00001B 00                      72 	.db #0x00	; 0
      00001C 00                      73 	.db #0x00	; 0
      00001D 00                      74 	.db #0x00	; 0
      00001E 00                      75 	.db #0x00	; 0
      00001F 00                      76 	.db #0x00	; 0
      000020 FF                      77 	.db #0xff	; 255
      000021 FF                      78 	.db #0xff	; 255
      000022 FF                      79 	.db #0xff	; 255
      000023 FF                      80 	.db #0xff	; 255
      000024 FF                      81 	.db #0xff	; 255
      000025 FF                      82 	.db #0xff	; 255
      000026 FF                      83 	.db #0xff	; 255
      000027 FF                      84 	.db #0xff	; 255
      000028 FF                      85 	.db #0xff	; 255
      000029 FF                      86 	.db #0xff	; 255
      00002A FF                      87 	.db #0xff	; 255
      00002B FF                      88 	.db #0xff	; 255
      00002C FF                      89 	.db #0xff	; 255
      00002D FF                      90 	.db #0xff	; 255
      00002E FF                      91 	.db #0xff	; 255
      00002F FF                      92 	.db #0xff	; 255
      000030 FF                      93 	.db #0xff	; 255
      000031 FF                      94 	.db #0xff	; 255
      000032 08                      95 	.db #0x08	; 8
      000033 08                      96 	.db #0x08	; 8
      000034 08                      97 	.db #0x08	; 8
      000035 08                      98 	.db #0x08	; 8
      000036 EB                      99 	.db #0xeb	; 235
      000037 1C                     100 	.db #0x1c	; 28
      000038 FF                     101 	.db #0xff	; 255
      000039 FF                     102 	.db #0xff	; 255
      00003A 80                     103 	.db #0x80	; 128
      00003B 80                     104 	.db #0x80	; 128
      00003C FF                     105 	.db #0xff	; 255
      00003D 80                     106 	.db #0x80	; 128
      00003E FF                     107 	.db #0xff	; 255
      00003F 80                     108 	.db #0x80	; 128
      000040 FF                     109 	.db #0xff	; 255
      000041 FF                     110 	.db #0xff	; 255
      000042 10                     111 	.db #0x10	; 16
      000043 10                     112 	.db #0x10	; 16
      000044 10                     113 	.db #0x10	; 16
      000045 10                     114 	.db #0x10	; 16
      000046 D7                     115 	.db #0xd7	; 215
      000047 38                     116 	.db #0x38	; 56	'8'
      000048 FF                     117 	.db #0xff	; 255
      000049 FF                     118 	.db #0xff	; 255
      00004A 00                     119 	.db #0x00	; 0
      00004B 00                     120 	.db #0x00	; 0
      00004C FF                     121 	.db #0xff	; 255
      00004D 00                     122 	.db #0x00	; 0
      00004E FF                     123 	.db #0xff	; 255
      00004F 00                     124 	.db #0x00	; 0
      000050 FF                     125 	.db #0xff	; 255
      000051 FF                     126 	.db #0xff	; 255
      000052 78                     127 	.db #0x78	; 120	'x'
      000053 37                     128 	.db #0x37	; 55	'7'
      000054 F3                     129 	.db #0xf3	; 243
      000055 6F                     130 	.db #0x6f	; 111	'o'
      000056 67                     131 	.db #0x67	; 103	'g'
      000057 DF                     132 	.db #0xdf	; 223
      000058 CF                     133 	.db #0xcf	; 207
      000059 FF                     134 	.db #0xff	; 255
      00005A 4F                     135 	.db #0x4f	; 79	'O'
      00005B 7F                     136 	.db #0x7f	; 127
      00005C DF                     137 	.db #0xdf	; 223
      00005D 7F                     138 	.db #0x7f	; 127
      00005E DF                     139 	.db #0xdf	; 223
      00005F 7F                     140 	.db #0x7f	; 127
      000060 FF                     141 	.db #0xff	; 255
      000061 FF                     142 	.db #0xff	; 255
      000062 1E                     143 	.db #0x1e	; 30
      000063 EC                     144 	.db #0xec	; 236
      000064 CF                     145 	.db #0xcf	; 207
      000065 F6                     146 	.db #0xf6	; 246
      000066 E6                     147 	.db #0xe6	; 230
      000067 FB                     148 	.db #0xfb	; 251
      000068 F3                     149 	.db #0xf3	; 243
      000069 FF                     150 	.db #0xff	; 255
      00006A F2                     151 	.db #0xf2	; 242
      00006B FE                     152 	.db #0xfe	; 254
      00006C FB                     153 	.db #0xfb	; 251
      00006D FE                     154 	.db #0xfe	; 254
      00006E FB                     155 	.db #0xfb	; 251
      00006F FE                     156 	.db #0xfe	; 254
      000070 FF                     157 	.db #0xff	; 255
      000071 FF                     158 	.db #0xff	; 255
      000072 90                     159 	.db #0x90	; 144
      000073 90                     160 	.db #0x90	; 144
      000074 90                     161 	.db #0x90	; 144
      000075 90                     162 	.db #0x90	; 144
      000076 D7                     163 	.db #0xd7	; 215
      000077 B8                     164 	.db #0xb8	; 184
      000078 FF                     165 	.db #0xff	; 255
      000079 FF                     166 	.db #0xff	; 255
      00007A 80                     167 	.db #0x80	; 128
      00007B 80                     168 	.db #0x80	; 128
      00007C FF                     169 	.db #0xff	; 255
      00007D 80                     170 	.db #0x80	; 128
      00007E FF                     171 	.db #0xff	; 255
      00007F 80                     172 	.db #0x80	; 128
      000080 FF                     173 	.db #0xff	; 255
      000081 FF                     174 	.db #0xff	; 255
      000082 00                     175 	.db #0x00	; 0
      000083 00                     176 	.db #0x00	; 0
      000084 00                     177 	.db #0x00	; 0
      000085 00                     178 	.db #0x00	; 0
      000086 7F                     179 	.db #0x7f	; 127
      000087 80                     180 	.db #0x80	; 128
      000088 FF                     181 	.db #0xff	; 255
      000089 FF                     182 	.db #0xff	; 255
      00008A 00                     183 	.db #0x00	; 0
      00008B 00                     184 	.db #0x00	; 0
      00008C FF                     185 	.db #0xff	; 255
      00008D 00                     186 	.db #0x00	; 0
      00008E FF                     187 	.db #0xff	; 255
      00008F 00                     188 	.db #0x00	; 0
      000090 FF                     189 	.db #0xff	; 255
      000091 FF                     190 	.db #0xff	; 255
      000092 03                     191 	.db #0x03	; 3
      000093 03                     192 	.db #0x03	; 3
      000094 05                     193 	.db #0x05	; 5
      000095 05                     194 	.db #0x05	; 5
      000096 E9                     195 	.db #0xe9	; 233
      000097 19                     196 	.db #0x19	; 25
      000098 F1                     197 	.db #0xf1	; 241
      000099 F9                     198 	.db #0xf9	; 249
      00009A 39                     199 	.db #0x39	; 57	'9'
      00009B 31                     200 	.db #0x31	; 49	'1'
      00009C D9                     201 	.db #0xd9	; 217
      00009D 51                     202 	.db #0x51	; 81	'Q'
      00009E D9                     203 	.db #0xd9	; 217
      00009F 91                     204 	.db #0x91	; 145
      0000A0 FF                     205 	.db #0xff	; 255
      0000A1 FF                     206 	.db #0xff	; 255
      0000A2 C0                     207 	.db #0xc0	; 192
      0000A3 C0                     208 	.db #0xc0	; 192
      0000A4 A0                     209 	.db #0xa0	; 160
      0000A5 A0                     210 	.db #0xa0	; 160
      0000A6 97                     211 	.db #0x97	; 151
      0000A7 98                     212 	.db #0x98	; 152
      0000A8 8F                     213 	.db #0x8f	; 143
      0000A9 9F                     214 	.db #0x9f	; 159
      0000AA 9C                     215 	.db #0x9c	; 156
      0000AB 8C                     216 	.db #0x8c	; 140
      0000AC 9B                     217 	.db #0x9b	; 155
      0000AD 8A                     218 	.db #0x8a	; 138
      0000AE 9B                     219 	.db #0x9b	; 155
      0000AF 89                     220 	.db #0x89	; 137
      0000B0 FF                     221 	.db #0xff	; 255
      0000B1 FF                     222 	.db #0xff	; 255
      0000B2 00                     223 	.db #0x00	; 0
      0000B3 00                     224 	.db #0x00	; 0
      0000B4 00                     225 	.db #0x00	; 0
      0000B5 00                     226 	.db #0x00	; 0
      0000B6 FE                     227 	.db #0xfe	; 254
      0000B7 01                     228 	.db #0x01	; 1
      0000B8 FF                     229 	.db #0xff	; 255
      0000B9 FF                     230 	.db #0xff	; 255
      0000BA 00                     231 	.db #0x00	; 0
      0000BB 00                     232 	.db #0x00	; 0
      0000BC FF                     233 	.db #0xff	; 255
      0000BD 00                     234 	.db #0x00	; 0
      0000BE FF                     235 	.db #0xff	; 255
      0000BF 00                     236 	.db #0x00	; 0
      0000C0 FF                     237 	.db #0xff	; 255
      0000C1 FF                     238 	.db #0xff	; 255
      0000C2 09                     239 	.db #0x09	; 9
      0000C3 09                     240 	.db #0x09	; 9
      0000C4 09                     241 	.db #0x09	; 9
      0000C5 09                     242 	.db #0x09	; 9
      0000C6 EB                     243 	.db #0xeb	; 235
      0000C7 1D                     244 	.db #0x1d	; 29
      0000C8 FF                     245 	.db #0xff	; 255
      0000C9 FF                     246 	.db #0xff	; 255
      0000CA 81                     247 	.db #0x81	; 129
      0000CB 81                     248 	.db #0x81	; 129
      0000CC FF                     249 	.db #0xff	; 255
      0000CD 81                     250 	.db #0x81	; 129
      0000CE FF                     251 	.db #0xff	; 255
      0000CF 81                     252 	.db #0x81	; 129
      0000D0 9B                     253 	.db #0x9b	; 155
      0000D1 88                     254 	.db #0x88	; 136
      0000D2 9B                     255 	.db #0x9b	; 155
      0000D3 88                     256 	.db #0x88	; 136
      0000D4 9B                     257 	.db #0x9b	; 155
      0000D5 88                     258 	.db #0x88	; 136
      0000D6 9B                     259 	.db #0x9b	; 155
      0000D7 88                     260 	.db #0x88	; 136
      0000D8 9B                     261 	.db #0x9b	; 155
      0000D9 88                     262 	.db #0x88	; 136
      0000DA 9B                     263 	.db #0x9b	; 155
      0000DB 88                     264 	.db #0x88	; 136
      0000DC 9B                     265 	.db #0x9b	; 155
      0000DD 88                     266 	.db #0x88	; 136
      0000DE 8B                     267 	.db #0x8b	; 139
      0000DF 98                     268 	.db #0x98	; 152
      0000E0 80                     269 	.db #0x80	; 128
      0000E1 FF                     270 	.db #0xff	; 255
      0000E2 61                     271 	.db #0x61	; 97	'a'
      0000E3 FF                     272 	.db #0xff	; 255
      0000E4 7F                     273 	.db #0x7f	; 127
      0000E5 FF                     274 	.db #0xff	; 255
      0000E6 3F                     275 	.db #0x3f	; 63
      0000E7 F0                     276 	.db #0xf0	; 240
      0000E8 38                     277 	.db #0x38	; 56	'8'
      0000E9 EF                     278 	.db #0xef	; 239
      0000EA 34                     279 	.db #0x34	; 52	'4'
      0000EB EF                     280 	.db #0xef	; 239
      0000EC 33                     281 	.db #0x33	; 51	'3'
      0000ED EF                     282 	.db #0xef	; 239
      0000EE 73                     283 	.db #0x73	; 115	's'
      0000EF EF                     284 	.db #0xef	; 239
      0000F0 80                     285 	.db #0x80	; 128
      0000F1 FF                     286 	.db #0xff	; 255
      0000F2 C1                     287 	.db #0xc1	; 193
      0000F3 FF                     288 	.db #0xff	; 255
      0000F4 FF                     289 	.db #0xff	; 255
      0000F5 FF                     290 	.db #0xff	; 255
      0000F6 FF                     291 	.db #0xff	; 255
      0000F7 88                     292 	.db #0x88	; 136
      0000F8 88                     293 	.db #0x88	; 136
      0000F9 FF                     294 	.db #0xff	; 255
      0000FA 88                     295 	.db #0x88	; 136
      0000FB FF                     296 	.db #0xff	; 255
      0000FC CC                     297 	.db #0xcc	; 204
      0000FD FF                     298 	.db #0xff	; 255
      0000FE FF                     299 	.db #0xff	; 255
      0000FF FF                     300 	.db #0xff	; 255
      000100 80                     301 	.db #0x80	; 128
      000101 FF                     302 	.db #0xff	; 255
      000102 C0                     303 	.db #0xc0	; 192
      000103 FF                     304 	.db #0xff	; 255
      000104 FF                     305 	.db #0xff	; 255
      000105 FF                     306 	.db #0xff	; 255
      000106 FF                     307 	.db #0xff	; 255
      000107 20                     308 	.db #0x20	; 32
      000108 20                     309 	.db #0x20	; 32
      000109 FF                     310 	.db #0xff	; 255
      00010A 20                     311 	.db #0x20	; 32
      00010B FF                     312 	.db #0xff	; 255
      00010C 70                     313 	.db #0x70	; 112	'p'
      00010D FF                     314 	.db #0xff	; 255
      00010E FF                     315 	.db #0xff	; 255
      00010F FF                     316 	.db #0xff	; 255
      000110 00                     317 	.db #0x00	; 0
      000111 FF                     318 	.db #0xff	; 255
      000112 01                     319 	.db #0x01	; 1
      000113 FF                     320 	.db #0xff	; 255
      000114 FF                     321 	.db #0xff	; 255
      000115 FF                     322 	.db #0xff	; 255
      000116 FF                     323 	.db #0xff	; 255
      000117 08                     324 	.db #0x08	; 8
      000118 08                     325 	.db #0x08	; 8
      000119 FF                     326 	.db #0xff	; 255
      00011A 08                     327 	.db #0x08	; 8
      00011B FF                     328 	.db #0xff	; 255
      00011C 1C                     329 	.db #0x1c	; 28
      00011D FF                     330 	.db #0xff	; 255
      00011E FF                     331 	.db #0xff	; 255
      00011F FF                     332 	.db #0xff	; 255
      000120 DF                     333 	.db #0xdf	; 223
      000121 7F                     334 	.db #0x7f	; 127
      000122 5F                     335 	.db #0x5f	; 95
      000123 FF                     336 	.db #0xff	; 255
      000124 D5                     337 	.db #0xd5	; 213
      000125 FF                     338 	.db #0xff	; 255
      000126 5F                     339 	.db #0x5f	; 95
      000127 7F                     340 	.db #0x7f	; 127
      000128 DA                     341 	.db #0xda	; 218
      000129 7F                     342 	.db #0x7f	; 127
      00012A D5                     343 	.db #0xd5	; 213
      00012B 7F                     344 	.db #0x7f	; 127
      00012C 5F                     345 	.db #0x5f	; 95
      00012D FF                     346 	.db #0xff	; 255
      00012E E0                     347 	.db #0xe0	; 224
      00012F DF                     348 	.db #0xdf	; 223
      000130 FB                     349 	.db #0xfb	; 251
      000131 FE                     350 	.db #0xfe	; 254
      000132 FA                     351 	.db #0xfa	; 250
      000133 FF                     352 	.db #0xff	; 255
      000134 5B                     353 	.db #0x5b	; 91
      000135 FF                     354 	.db #0xff	; 255
      000136 FA                     355 	.db #0xfa	; 250
      000137 FE                     356 	.db #0xfe	; 254
      000138 AB                     357 	.db #0xab	; 171
      000139 FE                     358 	.db #0xfe	; 254
      00013A 5B                     359 	.db #0x5b	; 91
      00013B FE                     360 	.db #0xfe	; 254
      00013C FA                     361 	.db #0xfa	; 250
      00013D FF                     362 	.db #0xff	; 255
      00013E 07                     363 	.db #0x07	; 7
      00013F FB                     364 	.db #0xfb	; 251
      000140 01                     365 	.db #0x01	; 1
      000141 FF                     366 	.db #0xff	; 255
      000142 86                     367 	.db #0x86	; 134
      000143 FF                     368 	.db #0xff	; 255
      000144 FE                     369 	.db #0xfe	; 254
      000145 FF                     370 	.db #0xff	; 255
      000146 FC                     371 	.db #0xfc	; 252
      000147 0F                     372 	.db #0x0f	; 15
      000148 1C                     373 	.db #0x1c	; 28
      000149 F7                     374 	.db #0xf7	; 247
      00014A 2C                     375 	.db #0x2c	; 44
      00014B F7                     376 	.db #0xf7	; 247
      00014C CC                     377 	.db #0xcc	; 204
      00014D F7                     378 	.db #0xf7	; 247
      00014E CE                     379 	.db #0xce	; 206
      00014F F7                     380 	.db #0xf7	; 247
      000150 D9                     381 	.db #0xd9	; 217
      000151 11                     382 	.db #0x11	; 17
      000152 D9                     383 	.db #0xd9	; 217
      000153 11                     384 	.db #0x11	; 17
      000154 D9                     385 	.db #0xd9	; 217
      000155 11                     386 	.db #0x11	; 17
      000156 D9                     387 	.db #0xd9	; 217
      000157 11                     388 	.db #0x11	; 17
      000158 D9                     389 	.db #0xd9	; 217
      000159 11                     390 	.db #0x11	; 17
      00015A D9                     391 	.db #0xd9	; 217
      00015B 11                     392 	.db #0x11	; 17
      00015C D9                     393 	.db #0xd9	; 217
      00015D 11                     394 	.db #0x11	; 17
      00015E D1                     395 	.db #0xd1	; 209
      00015F 19                     396 	.db #0x19	; 25
      000160 81                     397 	.db #0x81	; 129
      000161 FF                     398 	.db #0xff	; 255
      000162 C3                     399 	.db #0xc3	; 195
      000163 FF                     400 	.db #0xff	; 255
      000164 FF                     401 	.db #0xff	; 255
      000165 FF                     402 	.db #0xff	; 255
      000166 FF                     403 	.db #0xff	; 255
      000167 21                     404 	.db #0x21	; 33
      000168 21                     405 	.db #0x21	; 33
      000169 FF                     406 	.db #0xff	; 255
      00016A 21                     407 	.db #0x21	; 33
      00016B FF                     408 	.db #0xff	; 255
      00016C 73                     409 	.db #0x73	; 115	's'
      00016D FF                     410 	.db #0xff	; 255
      00016E FF                     411 	.db #0xff	; 255
      00016F FF                     412 	.db #0xff	; 255
      000170 FF                     413 	.db #0xff	; 255
      000171 FF                     414 	.db #0xff	; 255
      000172 9B                     415 	.db #0x9b	; 155
      000173 88                     416 	.db #0x88	; 136
      000174 8B                     417 	.db #0x8b	; 139
      000175 98                     418 	.db #0x98	; 152
      000176 FB                     419 	.db #0xfb	; 251
      000177 F8                     420 	.db #0xf8	; 248
      000178 8B                     421 	.db #0x8b	; 139
      000179 98                     422 	.db #0x98	; 152
      00017A 9B                     423 	.db #0x9b	; 155
      00017B 88                     424 	.db #0x88	; 136
      00017C 9B                     425 	.db #0x9b	; 155
      00017D 88                     426 	.db #0x88	; 136
      00017E 9F                     427 	.db #0x9f	; 159
      00017F 8F                     428 	.db #0x8f	; 143
      000180 FF                     429 	.db #0xff	; 255
      000181 FF                     430 	.db #0xff	; 255
      000182 73                     431 	.db #0x73	; 115	's'
      000183 EF                     432 	.db #0xef	; 239
      000184 31                     433 	.db #0x31	; 49	'1'
      000185 EF                     434 	.db #0xef	; 239
      000186 31                     435 	.db #0x31	; 49	'1'
      000187 EF                     436 	.db #0xef	; 239
      000188 33                     437 	.db #0x33	; 51	'3'
      000189 EF                     438 	.db #0xef	; 239
      00018A 3F                     439 	.db #0x3f	; 63
      00018B FF                     440 	.db #0xff	; 255
      00018C 73                     441 	.db #0x73	; 115	's'
      00018D EF                     442 	.db #0xef	; 239
      00018E F1                     443 	.db #0xf1	; 241
      00018F EF                     444 	.db #0xef	; 239
      000190 8F                     445 	.db #0x8f	; 143
      000191 F7                     446 	.db #0xf7	; 247
      000192 CE                     447 	.db #0xce	; 206
      000193 F7                     448 	.db #0xf7	; 247
      000194 FC                     449 	.db #0xfc	; 252
      000195 FF                     450 	.db #0xff	; 255
      000196 CC                     451 	.db #0xcc	; 204
      000197 F7                     452 	.db #0xf7	; 247
      000198 8C                     453 	.db #0x8c	; 140
      000199 F7                     454 	.db #0xf7	; 247
      00019A 8C                     455 	.db #0x8c	; 140
      00019B F7                     456 	.db #0xf7	; 247
      00019C 8C                     457 	.db #0x8c	; 140
      00019D F7                     458 	.db #0xf7	; 247
      00019E 8C                     459 	.db #0x8c	; 140
      00019F F7                     460 	.db #0xf7	; 247
      0001A0 F9                     461 	.db #0xf9	; 249
      0001A1 F1                     462 	.db #0xf1	; 241
      0001A2 D9                     463 	.db #0xd9	; 217
      0001A3 11                     464 	.db #0x11	; 17
      0001A4 D9                     465 	.db #0xd9	; 217
      0001A5 11                     466 	.db #0x11	; 17
      0001A6 D1                     467 	.db #0xd1	; 209
      0001A7 19                     468 	.db #0x19	; 25
      0001A8 DF                     469 	.db #0xdf	; 223
      0001A9 1F                     470 	.db #0x1f	; 31
      0001AA D1                     471 	.db #0xd1	; 209
      0001AB 19                     472 	.db #0x19	; 25
      0001AC D9                     473 	.db #0xd9	; 217
      0001AD 11                     474 	.db #0x11	; 17
      0001AE D9                     475 	.db #0xd9	; 217
      0001AF 11                     476 	.db #0x11	; 17
      0001B0 9B                     477 	.db #0x9b	; 155
      0001B1 88                     478 	.db #0x88	; 136
      0001B2 9B                     479 	.db #0x9b	; 155
      0001B3 88                     480 	.db #0x88	; 136
      0001B4 8B                     481 	.db #0x8b	; 139
      0001B5 98                     482 	.db #0x98	; 152
      0001B6 FB                     483 	.db #0xfb	; 251
      0001B7 F8                     484 	.db #0xf8	; 248
      0001B8 8B                     485 	.db #0x8b	; 139
      0001B9 98                     486 	.db #0x98	; 152
      0001BA 9B                     487 	.db #0x9b	; 155
      0001BB 88                     488 	.db #0x88	; 136
      0001BC 9B                     489 	.db #0x9b	; 155
      0001BD 88                     490 	.db #0x88	; 136
      0001BE 9F                     491 	.db #0x9f	; 159
      0001BF 8F                     492 	.db #0x8f	; 143
      0001C0 71                     493 	.db #0x71	; 113	'q'
      0001C1 EF                     494 	.db #0xef	; 239
      0001C2 31                     495 	.db #0x31	; 49	'1'
      0001C3 EF                     496 	.db #0xef	; 239
      0001C4 33                     497 	.db #0x33	; 51	'3'
      0001C5 EF                     498 	.db #0xef	; 239
      0001C6 3F                     499 	.db #0x3f	; 63
      0001C7 FF                     500 	.db #0xff	; 255
      0001C8 33                     501 	.db #0x33	; 51	'3'
      0001C9 EF                     502 	.db #0xef	; 239
      0001CA 31                     503 	.db #0x31	; 49	'1'
      0001CB EF                     504 	.db #0xef	; 239
      0001CC 31                     505 	.db #0x31	; 49	'1'
      0001CD EF                     506 	.db #0xef	; 239
      0001CE 31                     507 	.db #0x31	; 49	'1'
      0001CF EF                     508 	.db #0xef	; 239
      0001D0 FF                     509 	.db #0xff	; 255
      0001D1 FF                     510 	.db #0xff	; 255
      0001D2 CE                     511 	.db #0xce	; 206
      0001D3 F7                     512 	.db #0xf7	; 247
      0001D4 8C                     513 	.db #0x8c	; 140
      0001D5 F7                     514 	.db #0xf7	; 247
      0001D6 8C                     515 	.db #0x8c	; 140
      0001D7 F7                     516 	.db #0xf7	; 247
      0001D8 FC                     517 	.db #0xfc	; 252
      0001D9 FF                     518 	.db #0xff	; 255
      0001DA CC                     519 	.db #0xcc	; 204
      0001DB F7                     520 	.db #0xf7	; 247
      0001DC 8C                     521 	.db #0x8c	; 140
      0001DD F7                     522 	.db #0xf7	; 247
      0001DE 8E                     523 	.db #0x8e	; 142
      0001DF F7                     524 	.db #0xf7	; 247
      0001E0 FF                     525 	.db #0xff	; 255
      0001E1 FF                     526 	.db #0xff	; 255
      0001E2 D9                     527 	.db #0xd9	; 217
      0001E3 11                     528 	.db #0x11	; 17
      0001E4 D1                     529 	.db #0xd1	; 209
      0001E5 19                     530 	.db #0x19	; 25
      0001E6 DF                     531 	.db #0xdf	; 223
      0001E7 1F                     532 	.db #0x1f	; 31
      0001E8 D1                     533 	.db #0xd1	; 209
      0001E9 19                     534 	.db #0x19	; 25
      0001EA D9                     535 	.db #0xd9	; 217
      0001EB 11                     536 	.db #0x11	; 17
      0001EC D9                     537 	.db #0xd9	; 217
      0001ED 11                     538 	.db #0x11	; 17
      0001EE D9                     539 	.db #0xd9	; 217
      0001EF 11                     540 	.db #0x11	; 17
      0001F0 9B                     541 	.db #0x9b	; 155
      0001F1 88                     542 	.db #0x88	; 136
      0001F2 9B                     543 	.db #0x9b	; 155
      0001F3 88                     544 	.db #0x88	; 136
      0001F4 9B                     545 	.db #0x9b	; 155
      0001F5 88                     546 	.db #0x88	; 136
      0001F6 8B                     547 	.db #0x8b	; 139
      0001F7 98                     548 	.db #0x98	; 152
      0001F8 FB                     549 	.db #0xfb	; 251
      0001F9 F8                     550 	.db #0xf8	; 248
      0001FA 8B                     551 	.db #0x8b	; 139
      0001FB 98                     552 	.db #0x98	; 152
      0001FC 9B                     553 	.db #0x9b	; 155
      0001FD 88                     554 	.db #0x88	; 136
      0001FE 9B                     555 	.db #0x9b	; 155
      0001FF 88                     556 	.db #0x88	; 136
      000200 31                     557 	.db #0x31	; 49	'1'
      000201 EF                     558 	.db #0xef	; 239
      000202 31                     559 	.db #0x31	; 49	'1'
      000203 EF                     560 	.db #0xef	; 239
      000204 31                     561 	.db #0x31	; 49	'1'
      000205 EF                     562 	.db #0xef	; 239
      000206 31                     563 	.db #0x31	; 49	'1'
      000207 EF                     564 	.db #0xef	; 239
      000208 33                     565 	.db #0x33	; 51	'3'
      000209 EF                     566 	.db #0xef	; 239
      00020A 3F                     567 	.db #0x3f	; 63
      00020B FF                     568 	.db #0xff	; 255
      00020C 73                     569 	.db #0x73	; 115	's'
      00020D EF                     570 	.db #0xef	; 239
      00020E F1                     571 	.db #0xf1	; 241
      00020F EF                     572 	.db #0xef	; 239
      000210 8C                     573 	.db #0x8c	; 140
      000211 F7                     574 	.db #0xf7	; 247
      000212 8C                     575 	.db #0x8c	; 140
      000213 F7                     576 	.db #0xf7	; 247
      000214 8C                     577 	.db #0x8c	; 140
      000215 F7                     578 	.db #0xf7	; 247
      000216 CC                     579 	.db #0xcc	; 204
      000217 F7                     580 	.db #0xf7	; 247
      000218 FC                     581 	.db #0xfc	; 252
      000219 FF                     582 	.db #0xff	; 255
      00021A CC                     583 	.db #0xcc	; 204
      00021B F7                     584 	.db #0xf7	; 247
      00021C 8C                     585 	.db #0x8c	; 140
      00021D F7                     586 	.db #0xf7	; 247
      00021E 8E                     587 	.db #0x8e	; 142
      00021F F7                     588 	.db #0xf7	; 247
      000220 D9                     589 	.db #0xd9	; 217
      000221 11                     590 	.db #0x11	; 17
      000222 D9                     591 	.db #0xd9	; 217
      000223 11                     592 	.db #0x11	; 17
      000224 D1                     593 	.db #0xd1	; 209
      000225 19                     594 	.db #0x19	; 25
      000226 DF                     595 	.db #0xdf	; 223
      000227 1F                     596 	.db #0x1f	; 31
      000228 D1                     597 	.db #0xd1	; 209
      000229 19                     598 	.db #0x19	; 25
      00022A D9                     599 	.db #0xd9	; 217
      00022B 11                     600 	.db #0x11	; 17
      00022C D9                     601 	.db #0xd9	; 217
      00022D 11                     602 	.db #0x11	; 17
      00022E D9                     603 	.db #0xd9	; 217
      00022F 11                     604 	.db #0x11	; 17
      000230 FF                     605 	.db #0xff	; 255
      000231 FF                     606 	.db #0xff	; 255
      000232 C0                     607 	.db #0xc0	; 192
      000233 FF                     608 	.db #0xff	; 255
      000234 A0                     609 	.db #0xa0	; 160
      000235 FF                     610 	.db #0xff	; 255
      000236 90                     611 	.db #0x90	; 144
      000237 FF                     612 	.db #0xff	; 255
      000238 8F                     613 	.db #0x8f	; 143
      000239 F8                     614 	.db #0xf8	; 248
      00023A 8F                     615 	.db #0x8f	; 143
      00023B F7                     616 	.db #0xf7	; 247
      00023C 8E                     617 	.db #0x8e	; 142
      00023D F7                     618 	.db #0xf7	; 247
      00023E 8D                     619 	.db #0x8d	; 141
      00023F F7                     620 	.db #0xf7	; 247
      000240 FF                     621 	.db #0xff	; 255
      000241 FF                     622 	.db #0xff	; 255
      000242 0E                     623 	.db #0x0e	; 14
      000243 FF                     624 	.db #0xff	; 255
      000244 04                     625 	.db #0x04	; 4
      000245 FF                     626 	.db #0xff	; 255
      000246 04                     627 	.db #0x04	; 4
      000247 FF                     628 	.db #0xff	; 255
      000248 FF                     629 	.db #0xff	; 255
      000249 04                     630 	.db #0x04	; 4
      00024A FF                     631 	.db #0xff	; 255
      00024B FF                     632 	.db #0xff	; 255
      00024C 03                     633 	.db #0x03	; 3
      00024D FF                     634 	.db #0xff	; 255
      00024E 01                     635 	.db #0x01	; 1
      00024F FF                     636 	.db #0xff	; 255
      000250 FF                     637 	.db #0xff	; 255
      000251 FF                     638 	.db #0xff	; 255
      000252 38                     639 	.db #0x38	; 56	'8'
      000253 FF                     640 	.db #0xff	; 255
      000254 10                     641 	.db #0x10	; 16
      000255 FF                     642 	.db #0xff	; 255
      000256 10                     643 	.db #0x10	; 16
      000257 FF                     644 	.db #0xff	; 255
      000258 FF                     645 	.db #0xff	; 255
      000259 10                     646 	.db #0x10	; 16
      00025A FF                     647 	.db #0xff	; 255
      00025B FF                     648 	.db #0xff	; 255
      00025C 80                     649 	.db #0x80	; 128
      00025D FF                     650 	.db #0xff	; 255
      00025E 00                     651 	.db #0x00	; 0
      00025F FF                     652 	.db #0xff	; 255
      000260 FF                     653 	.db #0xff	; 255
      000261 FF                     654 	.db #0xff	; 255
      000262 03                     655 	.db #0x03	; 3
      000263 FF                     656 	.db #0xff	; 255
      000264 05                     657 	.db #0x05	; 5
      000265 FF                     658 	.db #0xff	; 255
      000266 09                     659 	.db #0x09	; 9
      000267 FF                     660 	.db #0xff	; 255
      000268 F1                     661 	.db #0xf1	; 241
      000269 1F                     662 	.db #0x1f	; 31
      00026A F1                     663 	.db #0xf1	; 241
      00026B EF                     664 	.db #0xef	; 239
      00026C 71                     665 	.db #0x71	; 113	'q'
      00026D EF                     666 	.db #0xef	; 239
      00026E B1                     667 	.db #0xb1	; 177
      00026F EF                     668 	.db #0xef	; 239
      000270 8F                     669 	.db #0x8f	; 143
      000271 F7                     670 	.db #0xf7	; 247
      000272 CE                     671 	.db #0xce	; 206
      000273 F7                     672 	.db #0xf7	; 247
      000274 FC                     673 	.db #0xfc	; 252
      000275 FF                     674 	.db #0xff	; 255
      000276 CC                     675 	.db #0xcc	; 204
      000277 F7                     676 	.db #0xf7	; 247
      000278 8C                     677 	.db #0x8c	; 140
      000279 F7                     678 	.db #0xf7	; 247
      00027A 8C                     679 	.db #0x8c	; 140
      00027B F7                     680 	.db #0xf7	; 247
      00027C CE                     681 	.db #0xce	; 206
      00027D F7                     682 	.db #0xf7	; 247
      00027E FF                     683 	.db #0xff	; 255
      00027F FF                     684 	.db #0xff	; 255
      000280 F9                     685 	.db #0xf9	; 249
      000281 F1                     686 	.db #0xf1	; 241
      000282 D9                     687 	.db #0xd9	; 217
      000283 11                     688 	.db #0x11	; 17
      000284 D9                     689 	.db #0xd9	; 217
      000285 11                     690 	.db #0x11	; 17
      000286 D1                     691 	.db #0xd1	; 209
      000287 19                     692 	.db #0x19	; 25
      000288 DF                     693 	.db #0xdf	; 223
      000289 1F                     694 	.db #0x1f	; 31
      00028A D1                     695 	.db #0xd1	; 209
      00028B 19                     696 	.db #0x19	; 25
      00028C D9                     697 	.db #0xd9	; 217
      00028D 11                     698 	.db #0x11	; 17
      00028E FF                     699 	.db #0xff	; 255
      00028F FF                     700 	.db #0xff	; 255
      000290 AB                     701 	.db #0xab	; 171
      000291 98                     702 	.db #0x98	; 152
      000292 FF                     703 	.db #0xff	; 255
      000293 BF                     704 	.db #0xbf	; 191
      000294 F0                     705 	.db #0xf0	; 240
      000295 EF                     706 	.db #0xef	; 239
      000296 E3                     707 	.db #0xe3	; 227
      000297 DF                     708 	.db #0xdf	; 223
      000298 CF                     709 	.db #0xcf	; 207
      000299 BF                     710 	.db #0xbf	; 191
      00029A 9F                     711 	.db #0x9f	; 159
      00029B FF                     712 	.db #0xff	; 255
      00029C BF                     713 	.db #0xbf	; 191
      00029D FF                     714 	.db #0xff	; 255
      00029E BF                     715 	.db #0xbf	; 191
      00029F FF                     716 	.db #0xff	; 255
      0002A0 AD                     717 	.db #0xad	; 173
      0002A1 63                     718 	.db #0x63	; 99	'c'
      0002A2 FF                     719 	.db #0xff	; 255
      0002A3 FF                     720 	.db #0xff	; 255
      0002A4 01                     721 	.db #0x01	; 1
      0002A5 FE                     722 	.db #0xfe	; 254
      0002A6 FE                     723 	.db #0xfe	; 254
      0002A7 FF                     724 	.db #0xff	; 255
      0002A8 F6                     725 	.db #0xf6	; 246
      0002A9 FF                     726 	.db #0xff	; 255
      0002AA DA                     727 	.db #0xda	; 218
      0002AB FF                     728 	.db #0xff	; 255
      0002AC F6                     729 	.db #0xf6	; 246
      0002AD FF                     730 	.db #0xff	; 255
      0002AE DA                     731 	.db #0xda	; 218
      0002AF FF                     732 	.db #0xff	; 255
      0002B0 FF                     733 	.db #0xff	; 255
      0002B1 80                     734 	.db #0x80	; 128
      0002B2 FF                     735 	.db #0xff	; 255
      0002B3 40                     736 	.db #0x40	; 64
      0002B4 E0                     737 	.db #0xe0	; 224
      0002B5 20                     738 	.db #0x20	; 32
      0002B6 DF                     739 	.db #0xdf	; 223
      0002B7 1F                     740 	.db #0x1f	; 31
      0002B8 DF                     741 	.db #0xdf	; 223
      0002B9 18                     742 	.db #0x18	; 24
      0002BA DC                     743 	.db #0xdc	; 220
      0002BB 14                     744 	.db #0x14	; 20
      0002BC DA                     745 	.db #0xda	; 218
      0002BD 12                     746 	.db #0x12	; 18
      0002BE D9                     747 	.db #0xd9	; 217
      0002BF 11                     748 	.db #0x11	; 17
      0002C0 FF                     749 	.db #0xff	; 255
      0002C1 00                     750 	.db #0x00	; 0
      0002C2 FF                     751 	.db #0xff	; 255
      0002C3 00                     752 	.db #0x00	; 0
      0002C4 00                     753 	.db #0x00	; 0
      0002C5 00                     754 	.db #0x00	; 0
      0002C6 FF                     755 	.db #0xff	; 255
      0002C7 FF                     756 	.db #0xff	; 255
      0002C8 FF                     757 	.db #0xff	; 255
      0002C9 00                     758 	.db #0x00	; 0
      0002CA 00                     759 	.db #0x00	; 0
      0002CB 00                     760 	.db #0x00	; 0
      0002CC 00                     761 	.db #0x00	; 0
      0002CD 00                     762 	.db #0x00	; 0
      0002CE FF                     763 	.db #0xff	; 255
      0002CF FF                     764 	.db #0xff	; 255
      0002D0 FF                     765 	.db #0xff	; 255
      0002D1 01                     766 	.db #0x01	; 1
      0002D2 FF                     767 	.db #0xff	; 255
      0002D3 02                     768 	.db #0x02	; 2
      0002D4 07                     769 	.db #0x07	; 7
      0002D5 04                     770 	.db #0x04	; 4
      0002D6 FB                     771 	.db #0xfb	; 251
      0002D7 F8                     772 	.db #0xf8	; 248
      0002D8 FB                     773 	.db #0xfb	; 251
      0002D9 18                     774 	.db #0x18	; 24
      0002DA 3B                     775 	.db #0x3b	; 59
      0002DB 28                     776 	.db #0x28	; 40
      0002DC 5B                     777 	.db #0x5b	; 91
      0002DD 48                     778 	.db #0x48	; 72	'H'
      0002DE 9B                     779 	.db #0x9b	; 155
      0002DF 88                     780 	.db #0x88	; 136
      0002E0 BF                     781 	.db #0xbf	; 191
      0002E1 FF                     782 	.db #0xff	; 255
      0002E2 BF                     783 	.db #0xbf	; 191
      0002E3 FF                     784 	.db #0xff	; 255
      0002E4 9F                     785 	.db #0x9f	; 159
      0002E5 FF                     786 	.db #0xff	; 255
      0002E6 CF                     787 	.db #0xcf	; 207
      0002E7 BF                     788 	.db #0xbf	; 191
      0002E8 E3                     789 	.db #0xe3	; 227
      0002E9 DF                     790 	.db #0xdf	; 223
      0002EA F0                     791 	.db #0xf0	; 240
      0002EB EF                     792 	.db #0xef	; 239
      0002EC FF                     793 	.db #0xff	; 255
      0002ED BF                     794 	.db #0xbf	; 191
      0002EE AB                     795 	.db #0xab	; 171
      0002EF 98                     796 	.db #0x98	; 152
      0002F0 F6                     797 	.db #0xf6	; 246
      0002F1 FF                     798 	.db #0xff	; 255
      0002F2 DA                     799 	.db #0xda	; 218
      0002F3 FF                     800 	.db #0xff	; 255
      0002F4 F6                     801 	.db #0xf6	; 246
      0002F5 FF                     802 	.db #0xff	; 255
      0002F6 DA                     803 	.db #0xda	; 218
      0002F7 FF                     804 	.db #0xff	; 255
      0002F8 FE                     805 	.db #0xfe	; 254
      0002F9 FF                     806 	.db #0xff	; 255
      0002FA 01                     807 	.db #0x01	; 1
      0002FB FE                     808 	.db #0xfe	; 254
      0002FC FF                     809 	.db #0xff	; 255
      0002FD FF                     810 	.db #0xff	; 255
      0002FE AD                     811 	.db #0xad	; 173
      0002FF 63                     812 	.db #0x63	; 99	'c'
      000300 8C                     813 	.db #0x8c	; 140
      000301 F7                     814 	.db #0xf7	; 247
      000302 8C                     815 	.db #0x8c	; 140
      000303 F7                     816 	.db #0xf7	; 247
      000304 8C                     817 	.db #0x8c	; 140
      000305 F7                     818 	.db #0xf7	; 247
      000306 8C                     819 	.db #0x8c	; 140
      000307 F7                     820 	.db #0xf7	; 247
      000308 CC                     821 	.db #0xcc	; 204
      000309 F7                     822 	.db #0xf7	; 247
      00030A FC                     823 	.db #0xfc	; 252
      00030B FF                     824 	.db #0xff	; 255
      00030C CE                     825 	.db #0xce	; 206
      00030D F7                     826 	.db #0xf7	; 247
      00030E 8F                     827 	.db #0x8f	; 143
      00030F F7                     828 	.db #0xf7	; 247
      000310 D9                     829 	.db #0xd9	; 217
      000311 11                     830 	.db #0x11	; 17
      000312 DA                     831 	.db #0xda	; 218
      000313 12                     832 	.db #0x12	; 18
      000314 DC                     833 	.db #0xdc	; 220
      000315 14                     834 	.db #0x14	; 20
      000316 DF                     835 	.db #0xdf	; 223
      000317 18                     836 	.db #0x18	; 24
      000318 DF                     837 	.db #0xdf	; 223
      000319 1F                     838 	.db #0x1f	; 31
      00031A E0                     839 	.db #0xe0	; 224
      00031B 20                     840 	.db #0x20	; 32
      00031C FF                     841 	.db #0xff	; 255
      00031D 40                     842 	.db #0x40	; 64
      00031E FF                     843 	.db #0xff	; 255
      00031F 80                     844 	.db #0x80	; 128
      000320 FF                     845 	.db #0xff	; 255
      000321 FF                     846 	.db #0xff	; 255
      000322 00                     847 	.db #0x00	; 0
      000323 00                     848 	.db #0x00	; 0
      000324 00                     849 	.db #0x00	; 0
      000325 00                     850 	.db #0x00	; 0
      000326 FF                     851 	.db #0xff	; 255
      000327 00                     852 	.db #0x00	; 0
      000328 FF                     853 	.db #0xff	; 255
      000329 FF                     854 	.db #0xff	; 255
      00032A 00                     855 	.db #0x00	; 0
      00032B 00                     856 	.db #0x00	; 0
      00032C FF                     857 	.db #0xff	; 255
      00032D 00                     858 	.db #0x00	; 0
      00032E FF                     859 	.db #0xff	; 255
      00032F 00                     860 	.db #0x00	; 0
      000330 9B                     861 	.db #0x9b	; 155
      000331 88                     862 	.db #0x88	; 136
      000332 5B                     863 	.db #0x5b	; 91
      000333 48                     864 	.db #0x48	; 72	'H'
      000334 3B                     865 	.db #0x3b	; 59
      000335 28                     866 	.db #0x28	; 40
      000336 FB                     867 	.db #0xfb	; 251
      000337 18                     868 	.db #0x18	; 24
      000338 FB                     869 	.db #0xfb	; 251
      000339 F8                     870 	.db #0xf8	; 248
      00033A 07                     871 	.db #0x07	; 7
      00033B 04                     872 	.db #0x04	; 4
      00033C FF                     873 	.db #0xff	; 255
      00033D 02                     874 	.db #0x02	; 2
      00033E FF                     875 	.db #0xff	; 255
      00033F 01                     876 	.db #0x01	; 1
      000340 8D                     877 	.db #0x8d	; 141
      000341 F7                     878 	.db #0xf7	; 247
      000342 8E                     879 	.db #0x8e	; 142
      000343 F7                     880 	.db #0xf7	; 247
      000344 8F                     881 	.db #0x8f	; 143
      000345 F7                     882 	.db #0xf7	; 247
      000346 8F                     883 	.db #0x8f	; 143
      000347 F8                     884 	.db #0xf8	; 248
      000348 90                     885 	.db #0x90	; 144
      000349 FF                     886 	.db #0xff	; 255
      00034A A0                     887 	.db #0xa0	; 160
      00034B FF                     888 	.db #0xff	; 255
      00034C C0                     889 	.db #0xc0	; 192
      00034D FF                     890 	.db #0xff	; 255
      00034E FF                     891 	.db #0xff	; 255
      00034F FF                     892 	.db #0xff	; 255
      000350 01                     893 	.db #0x01	; 1
      000351 FF                     894 	.db #0xff	; 255
      000352 03                     895 	.db #0x03	; 3
      000353 FF                     896 	.db #0xff	; 255
      000354 FF                     897 	.db #0xff	; 255
      000355 FF                     898 	.db #0xff	; 255
      000356 FF                     899 	.db #0xff	; 255
      000357 04                     900 	.db #0x04	; 4
      000358 04                     901 	.db #0x04	; 4
      000359 FF                     902 	.db #0xff	; 255
      00035A 04                     903 	.db #0x04	; 4
      00035B FF                     904 	.db #0xff	; 255
      00035C 0E                     905 	.db #0x0e	; 14
      00035D FF                     906 	.db #0xff	; 255
      00035E FF                     907 	.db #0xff	; 255
      00035F FF                     908 	.db #0xff	; 255
      000360 B1                     909 	.db #0xb1	; 177
      000361 EF                     910 	.db #0xef	; 239
      000362 71                     911 	.db #0x71	; 113	'q'
      000363 EF                     912 	.db #0xef	; 239
      000364 F1                     913 	.db #0xf1	; 241
      000365 EF                     914 	.db #0xef	; 239
      000366 F1                     915 	.db #0xf1	; 241
      000367 1F                     916 	.db #0x1f	; 31
      000368 09                     917 	.db #0x09	; 9
      000369 FF                     918 	.db #0xff	; 255
      00036A 05                     919 	.db #0x05	; 5
      00036B FF                     920 	.db #0xff	; 255
      00036C 03                     921 	.db #0x03	; 3
      00036D FF                     922 	.db #0xff	; 255
      00036E FF                     923 	.db #0xff	; 255
      00036F FF                     924 	.db #0xff	; 255
      000370 8B                     925 	.db #0x8b	; 139
      000371 98                     926 	.db #0x98	; 152
      000372 9B                     927 	.db #0x9b	; 155
      000373 88                     928 	.db #0x88	; 136
      000374 9B                     929 	.db #0x9b	; 155
      000375 88                     930 	.db #0x88	; 136
      000376 9B                     931 	.db #0x9b	; 155
      000377 88                     932 	.db #0x88	; 136
      000378 9B                     933 	.db #0x9b	; 155
      000379 88                     934 	.db #0x88	; 136
      00037A 9B                     935 	.db #0x9b	; 155
      00037B 88                     936 	.db #0x88	; 136
      00037C 9B                     937 	.db #0x9b	; 155
      00037D 88                     938 	.db #0x88	; 136
      00037E 9B                     939 	.db #0x9b	; 155
      00037F 88                     940 	.db #0x88	; 136
      000380 73                     941 	.db #0x73	; 115	's'
      000381 EF                     942 	.db #0xef	; 239
      000382 33                     943 	.db #0x33	; 51	'3'
      000383 EF                     944 	.db #0xef	; 239
      000384 34                     945 	.db #0x34	; 52	'4'
      000385 EF                     946 	.db #0xef	; 239
      000386 38                     947 	.db #0x38	; 56	'8'
      000387 EF                     948 	.db #0xef	; 239
      000388 3F                     949 	.db #0x3f	; 63
      000389 F0                     950 	.db #0xf0	; 240
      00038A 7F                     951 	.db #0x7f	; 127
      00038B FF                     952 	.db #0xff	; 255
      00038C 61                     953 	.db #0x61	; 97	'a'
      00038D FF                     954 	.db #0xff	; 255
      00038E 80                     955 	.db #0x80	; 128
      00038F FF                     956 	.db #0xff	; 255
      000390 FF                     957 	.db #0xff	; 255
      000391 FF                     958 	.db #0xff	; 255
      000392 33                     959 	.db #0x33	; 51	'3'
      000393 FF                     960 	.db #0xff	; 255
      000394 11                     961 	.db #0x11	; 17
      000395 FF                     962 	.db #0xff	; 255
      000396 11                     963 	.db #0x11	; 17
      000397 FF                     964 	.db #0xff	; 255
      000398 FF                     965 	.db #0xff	; 255
      000399 11                     966 	.db #0x11	; 17
      00039A FF                     967 	.db #0xff	; 255
      00039B FF                     968 	.db #0xff	; 255
      00039C 83                     969 	.db #0x83	; 131
      00039D FF                     970 	.db #0xff	; 255
      00039E 01                     971 	.db #0x01	; 1
      00039F FF                     972 	.db #0xff	; 255
      0003A0 CE                     973 	.db #0xce	; 206
      0003A1 F7                     974 	.db #0xf7	; 247
      0003A2 CC                     975 	.db #0xcc	; 204
      0003A3 F7                     976 	.db #0xf7	; 247
      0003A4 2C                     977 	.db #0x2c	; 44
      0003A5 F7                     978 	.db #0xf7	; 247
      0003A6 1C                     979 	.db #0x1c	; 28
      0003A7 F7                     980 	.db #0xf7	; 247
      0003A8 FC                     981 	.db #0xfc	; 252
      0003A9 0F                     982 	.db #0x0f	; 15
      0003AA FE                     983 	.db #0xfe	; 254
      0003AB FF                     984 	.db #0xff	; 255
      0003AC 86                     985 	.db #0x86	; 134
      0003AD FF                     986 	.db #0xff	; 255
      0003AE 01                     987 	.db #0x01	; 1
      0003AF FF                     988 	.db #0xff	; 255
      0003B0 D1                     989 	.db #0xd1	; 209
      0003B1 19                     990 	.db #0x19	; 25
      0003B2 D9                     991 	.db #0xd9	; 217
      0003B3 11                     992 	.db #0x11	; 17
      0003B4 D9                     993 	.db #0xd9	; 217
      0003B5 11                     994 	.db #0x11	; 17
      0003B6 D9                     995 	.db #0xd9	; 217
      0003B7 11                     996 	.db #0x11	; 17
      0003B8 D9                     997 	.db #0xd9	; 217
      0003B9 11                     998 	.db #0x11	; 17
      0003BA D9                     999 	.db #0xd9	; 217
      0003BB 11                    1000 	.db #0x11	; 17
      0003BC D9                    1001 	.db #0xd9	; 217
      0003BD 11                    1002 	.db #0x11	; 17
      0003BE D9                    1003 	.db #0xd9	; 217
      0003BF 11                    1004 	.db #0x11	; 17
      0003C0 9B                    1005 	.db #0x9b	; 155
      0003C1 89                    1006 	.db #0x89	; 137
      0003C2 9B                    1007 	.db #0x9b	; 155
      0003C3 8A                    1008 	.db #0x8a	; 138
      0003C4 9C                    1009 	.db #0x9c	; 156
      0003C5 8C                    1010 	.db #0x8c	; 140
      0003C6 8F                    1011 	.db #0x8f	; 143
      0003C7 9F                    1012 	.db #0x9f	; 159
      0003C8 97                    1013 	.db #0x97	; 151
      0003C9 98                    1014 	.db #0x98	; 152
      0003CA A0                    1015 	.db #0xa0	; 160
      0003CB A0                    1016 	.db #0xa0	; 160
      0003CC C0                    1017 	.db #0xc0	; 192
      0003CD C0                    1018 	.db #0xc0	; 192
      0003CE FF                    1019 	.db #0xff	; 255
      0003CF FF                    1020 	.db #0xff	; 255
      0003D0 FF                    1021 	.db #0xff	; 255
      0003D1 00                    1022 	.db #0x00	; 0
      0003D2 FF                    1023 	.db #0xff	; 255
      0003D3 00                    1024 	.db #0x00	; 0
      0003D4 00                    1025 	.db #0x00	; 0
      0003D5 00                    1026 	.db #0x00	; 0
      0003D6 FF                    1027 	.db #0xff	; 255
      0003D7 FF                    1028 	.db #0xff	; 255
      0003D8 FE                    1029 	.db #0xfe	; 254
      0003D9 01                    1030 	.db #0x01	; 1
      0003DA 00                    1031 	.db #0x00	; 0
      0003DB 00                    1032 	.db #0x00	; 0
      0003DC 00                    1033 	.db #0x00	; 0
      0003DD 00                    1034 	.db #0x00	; 0
      0003DE FF                    1035 	.db #0xff	; 255
      0003DF FF                    1036 	.db #0xff	; 255
      0003E0 FF                    1037 	.db #0xff	; 255
      0003E1 01                    1038 	.db #0x01	; 1
      0003E2 FF                    1039 	.db #0xff	; 255
      0003E3 01                    1040 	.db #0x01	; 1
      0003E4 01                    1041 	.db #0x01	; 1
      0003E5 01                    1042 	.db #0x01	; 1
      0003E6 FF                    1043 	.db #0xff	; 255
      0003E7 FF                    1044 	.db #0xff	; 255
      0003E8 D7                    1045 	.db #0xd7	; 215
      0003E9 38                    1046 	.db #0x38	; 56	'8'
      0003EA 10                    1047 	.db #0x10	; 16
      0003EB 10                    1048 	.db #0x10	; 16
      0003EC 10                    1049 	.db #0x10	; 16
      0003ED 10                    1050 	.db #0x10	; 16
      0003EE FF                    1051 	.db #0xff	; 255
      0003EF FF                    1052 	.db #0xff	; 255
      0003F0 FF                    1053 	.db #0xff	; 255
      0003F1 00                    1054 	.db #0x00	; 0
      0003F2 FF                    1055 	.db #0xff	; 255
      0003F3 00                    1056 	.db #0x00	; 0
      0003F4 00                    1057 	.db #0x00	; 0
      0003F5 00                    1058 	.db #0x00	; 0
      0003F6 FF                    1059 	.db #0xff	; 255
      0003F7 FF                    1060 	.db #0xff	; 255
      0003F8 EB                    1061 	.db #0xeb	; 235
      0003F9 1C                    1062 	.db #0x1c	; 28
      0003FA 08                    1063 	.db #0x08	; 8
      0003FB 08                    1064 	.db #0x08	; 8
      0003FC 08                    1065 	.db #0x08	; 8
      0003FD 08                    1066 	.db #0x08	; 8
      0003FE FF                    1067 	.db #0xff	; 255
      0003FF FF                    1068 	.db #0xff	; 255
      000400 FF                    1069 	.db #0xff	; 255
      000401 01                    1070 	.db #0x01	; 1
      000402 FF                    1071 	.db #0xff	; 255
      000403 01                    1072 	.db #0x01	; 1
      000404 01                    1073 	.db #0x01	; 1
      000405 01                    1074 	.db #0x01	; 1
      000406 FF                    1075 	.db #0xff	; 255
      000407 FF                    1076 	.db #0xff	; 255
      000408 EB                    1077 	.db #0xeb	; 235
      000409 1D                    1078 	.db #0x1d	; 29
      00040A 09                    1079 	.db #0x09	; 9
      00040B 09                    1080 	.db #0x09	; 9
      00040C 09                    1081 	.db #0x09	; 9
      00040D 09                    1082 	.db #0x09	; 9
      00040E FF                    1083 	.db #0xff	; 255
      00040F FF                    1084 	.db #0xff	; 255
      000410 FF                    1085 	.db #0xff	; 255
      000411 00                    1086 	.db #0x00	; 0
      000412 FF                    1087 	.db #0xff	; 255
      000413 00                    1088 	.db #0x00	; 0
      000414 00                    1089 	.db #0x00	; 0
      000415 00                    1090 	.db #0x00	; 0
      000416 FF                    1091 	.db #0xff	; 255
      000417 FF                    1092 	.db #0xff	; 255
      000418 7F                    1093 	.db #0x7f	; 127
      000419 80                    1094 	.db #0x80	; 128
      00041A 00                    1095 	.db #0x00	; 0
      00041B 00                    1096 	.db #0x00	; 0
      00041C 00                    1097 	.db #0x00	; 0
      00041D 00                    1098 	.db #0x00	; 0
      00041E FF                    1099 	.db #0xff	; 255
      00041F FF                    1100 	.db #0xff	; 255
      000420 D9                    1101 	.db #0xd9	; 217
      000421 91                    1102 	.db #0x91	; 145
      000422 D9                    1103 	.db #0xd9	; 217
      000423 51                    1104 	.db #0x51	; 81	'Q'
      000424 39                    1105 	.db #0x39	; 57	'9'
      000425 31                    1106 	.db #0x31	; 49	'1'
      000426 F1                    1107 	.db #0xf1	; 241
      000427 F9                    1108 	.db #0xf9	; 249
      000428 E9                    1109 	.db #0xe9	; 233
      000429 19                    1110 	.db #0x19	; 25
      00042A 05                    1111 	.db #0x05	; 5
      00042B 05                    1112 	.db #0x05	; 5
      00042C 03                    1113 	.db #0x03	; 3
      00042D 03                    1114 	.db #0x03	; 3
      00042E FF                    1115 	.db #0xff	; 255
      00042F FF                    1116 	.db #0xff	; 255
      000430 B5                    1117 	.db #0xb5	; 181
      000431 C6                    1118 	.db #0xc6	; 198
      000432 FF                    1119 	.db #0xff	; 255
      000433 FF                    1120 	.db #0xff	; 255
      000434 80                    1121 	.db #0x80	; 128
      000435 7F                    1122 	.db #0x7f	; 127
      000436 7F                    1123 	.db #0x7f	; 127
      000437 FF                    1124 	.db #0xff	; 255
      000438 5B                    1125 	.db #0x5b	; 91
      000439 FF                    1126 	.db #0xff	; 255
      00043A 6F                    1127 	.db #0x6f	; 111	'o'
      00043B FF                    1128 	.db #0xff	; 255
      00043C 5B                    1129 	.db #0x5b	; 91
      00043D FF                    1130 	.db #0xff	; 255
      00043E 6F                    1131 	.db #0x6f	; 111	'o'
      00043F FF                    1132 	.db #0xff	; 255
      000440 D5                    1133 	.db #0xd5	; 213
      000441 19                    1134 	.db #0x19	; 25
      000442 FF                    1135 	.db #0xff	; 255
      000443 FD                    1136 	.db #0xfd	; 253
      000444 0F                    1137 	.db #0x0f	; 15
      000445 F7                    1138 	.db #0xf7	; 247
      000446 C7                    1139 	.db #0xc7	; 199
      000447 FB                    1140 	.db #0xfb	; 251
      000448 F3                    1141 	.db #0xf3	; 243
      000449 FD                    1142 	.db #0xfd	; 253
      00044A F9                    1143 	.db #0xf9	; 249
      00044B FF                    1144 	.db #0xff	; 255
      00044C FD                    1145 	.db #0xfd	; 253
      00044D FF                    1146 	.db #0xff	; 255
      00044E FD                    1147 	.db #0xfd	; 253
      00044F FF                    1148 	.db #0xff	; 255
      000450 5B                    1149 	.db #0x5b	; 91
      000451 FF                    1150 	.db #0xff	; 255
      000452 6F                    1151 	.db #0x6f	; 111	'o'
      000453 FF                    1152 	.db #0xff	; 255
      000454 5B                    1153 	.db #0x5b	; 91
      000455 FF                    1154 	.db #0xff	; 255
      000456 6F                    1155 	.db #0x6f	; 111	'o'
      000457 FF                    1156 	.db #0xff	; 255
      000458 7F                    1157 	.db #0x7f	; 127
      000459 FF                    1158 	.db #0xff	; 255
      00045A 80                    1159 	.db #0x80	; 128
      00045B 7F                    1160 	.db #0x7f	; 127
      00045C FF                    1161 	.db #0xff	; 255
      00045D FF                    1162 	.db #0xff	; 255
      00045E B5                    1163 	.db #0xb5	; 181
      00045F C6                    1164 	.db #0xc6	; 198
      000460 FD                    1165 	.db #0xfd	; 253
      000461 FF                    1166 	.db #0xff	; 255
      000462 FD                    1167 	.db #0xfd	; 253
      000463 FF                    1168 	.db #0xff	; 255
      000464 F9                    1169 	.db #0xf9	; 249
      000465 FF                    1170 	.db #0xff	; 255
      000466 F3                    1171 	.db #0xf3	; 243
      000467 FD                    1172 	.db #0xfd	; 253
      000468 C7                    1173 	.db #0xc7	; 199
      000469 FB                    1174 	.db #0xfb	; 251
      00046A 0F                    1175 	.db #0x0f	; 15
      00046B F7                    1176 	.db #0xf7	; 247
      00046C FF                    1177 	.db #0xff	; 255
      00046D FD                    1178 	.db #0xfd	; 253
      00046E D5                    1179 	.db #0xd5	; 213
      00046F 19                    1180 	.db #0x19	; 25
      000470 9B                    1181 	.db #0x9b	; 155
      000471 88                    1182 	.db #0x88	; 136
      000472 9B                    1183 	.db #0x9b	; 155
      000473 88                    1184 	.db #0x88	; 136
      000474 9B                    1185 	.db #0x9b	; 155
      000475 88                    1186 	.db #0x88	; 136
      000476 8B                    1187 	.db #0x8b	; 139
      000477 98                    1188 	.db #0x98	; 152
      000478 FB                    1189 	.db #0xfb	; 251
      000479 F8                    1190 	.db #0xf8	; 248
      00047A 8B                    1191 	.db #0x8b	; 139
      00047B 98                    1192 	.db #0x98	; 152
      00047C 9B                    1193 	.db #0x9b	; 155
      00047D 88                    1194 	.db #0x88	; 136
      00047E FF                    1195 	.db #0xff	; 255
      00047F FF                    1196 	.db #0xff	; 255
      000480 71                    1197 	.db #0x71	; 113	'q'
      000481 EF                    1198 	.db #0xef	; 239
      000482 31                    1199 	.db #0x31	; 49	'1'
      000483 EF                    1200 	.db #0xef	; 239
      000484 33                    1201 	.db #0x33	; 51	'3'
      000485 EF                    1202 	.db #0xef	; 239
      000486 3F                    1203 	.db #0x3f	; 63
      000487 FF                    1204 	.db #0xff	; 255
      000488 31                    1205 	.db #0x31	; 49	'1'
      000489 EF                    1206 	.db #0xef	; 239
      00048A 31                    1207 	.db #0x31	; 49	'1'
      00048B EF                    1208 	.db #0xef	; 239
      00048C 73                    1209 	.db #0x73	; 115	's'
      00048D EF                    1210 	.db #0xef	; 239
      00048E FF                    1211 	.db #0xff	; 255
      00048F FF                    1212 	.db #0xff	; 255
      000490 FF                    1213 	.db #0xff	; 255
      000491 FF                    1214 	.db #0xff	; 255
      000492 CE                    1215 	.db #0xce	; 206
      000493 FF                    1216 	.db #0xff	; 255
      000494 84                    1217 	.db #0x84	; 132
      000495 FF                    1218 	.db #0xff	; 255
      000496 84                    1219 	.db #0x84	; 132
      000497 FF                    1220 	.db #0xff	; 255
      000498 FF                    1221 	.db #0xff	; 255
      000499 84                    1222 	.db #0x84	; 132
      00049A FF                    1223 	.db #0xff	; 255
      00049B FF                    1224 	.db #0xff	; 255
      00049C C3                    1225 	.db #0xc3	; 195
      00049D FF                    1226 	.db #0xff	; 255
      00049E 81                    1227 	.db #0x81	; 129
      00049F FF                    1228 	.db #0xff	; 255
      0004A0 E0                    1229 	.db #0xe0	; 224
      0004A1 DF                    1230 	.db #0xdf	; 223
      0004A2 5F                    1231 	.db #0x5f	; 95
      0004A3 FF                    1232 	.db #0xff	; 255
      0004A4 DA                    1233 	.db #0xda	; 218
      0004A5 7F                    1234 	.db #0x7f	; 127
      0004A6 D5                    1235 	.db #0xd5	; 213
      0004A7 7F                    1236 	.db #0x7f	; 127
      0004A8 5F                    1237 	.db #0x5f	; 95
      0004A9 7F                    1238 	.db #0x7f	; 127
      0004AA DA                    1239 	.db #0xda	; 218
      0004AB FF                    1240 	.db #0xff	; 255
      0004AC 5F                    1241 	.db #0x5f	; 95
      0004AD FF                    1242 	.db #0xff	; 255
      0004AE DF                    1243 	.db #0xdf	; 223
      0004AF 7F                    1244 	.db #0x7f	; 127
      0004B0 07                    1245 	.db #0x07	; 7
      0004B1 FB                    1246 	.db #0xfb	; 251
      0004B2 FA                    1247 	.db #0xfa	; 250
      0004B3 FF                    1248 	.db #0xff	; 255
      0004B4 AB                    1249 	.db #0xab	; 171
      0004B5 FE                    1250 	.db #0xfe	; 254
      0004B6 5B                    1251 	.db #0x5b	; 91
      0004B7 FE                    1252 	.db #0xfe	; 254
      0004B8 FA                    1253 	.db #0xfa	; 250
      0004B9 FE                    1254 	.db #0xfe	; 254
      0004BA AB                    1255 	.db #0xab	; 171
      0004BB FF                    1256 	.db #0xff	; 255
      0004BC FA                    1257 	.db #0xfa	; 250
      0004BD FF                    1258 	.db #0xff	; 255
      0004BE FB                    1259 	.db #0xfb	; 251
      0004BF FE                    1260 	.db #0xfe	; 254
      0004C0 FF                    1261 	.db #0xff	; 255
      0004C1 81                    1262 	.db #0x81	; 129
      0004C2 FF                    1263 	.db #0xff	; 255
      0004C3 81                    1264 	.db #0x81	; 129
      0004C4 81                    1265 	.db #0x81	; 129
      0004C5 81                    1266 	.db #0x81	; 129
      0004C6 FF                    1267 	.db #0xff	; 255
      0004C7 FF                    1268 	.db #0xff	; 255
      0004C8 D7                    1269 	.db #0xd7	; 215
      0004C9 B8                    1270 	.db #0xb8	; 184
      0004CA 90                    1271 	.db #0x90	; 144
      0004CB 90                    1272 	.db #0x90	; 144
      0004CC 90                    1273 	.db #0x90	; 144
      0004CD 90                    1274 	.db #0x90	; 144
      0004CE FF                    1275 	.db #0xff	; 255
      0004CF FF                    1276 	.db #0xff	; 255
      0004D0 DF                    1277 	.db #0xdf	; 223
      0004D1 7F                    1278 	.db #0x7f	; 127
      0004D2 DF                    1279 	.db #0xdf	; 223
      0004D3 7F                    1280 	.db #0x7f	; 127
      0004D4 4F                    1281 	.db #0x4f	; 79	'O'
      0004D5 7F                    1282 	.db #0x7f	; 127
      0004D6 CF                    1283 	.db #0xcf	; 207
      0004D7 FF                    1284 	.db #0xff	; 255
      0004D8 67                    1285 	.db #0x67	; 103	'g'
      0004D9 DF                    1286 	.db #0xdf	; 223
      0004DA F3                    1287 	.db #0xf3	; 243
      0004DB 6F                    1288 	.db #0x6f	; 111	'o'
      0004DC 78                    1289 	.db #0x78	; 120	'x'
      0004DD 37                    1290 	.db #0x37	; 55	'7'
      0004DE FF                    1291 	.db #0xff	; 255
      0004DF FF                    1292 	.db #0xff	; 255
      0004E0 FB                    1293 	.db #0xfb	; 251
      0004E1 FE                    1294 	.db #0xfe	; 254
      0004E2 FB                    1295 	.db #0xfb	; 251
      0004E3 FE                    1296 	.db #0xfe	; 254
      0004E4 F2                    1297 	.db #0xf2	; 242
      0004E5 FE                    1298 	.db #0xfe	; 254
      0004E6 F3                    1299 	.db #0xf3	; 243
      0004E7 FF                    1300 	.db #0xff	; 255
      0004E8 E6                    1301 	.db #0xe6	; 230
      0004E9 FB                    1302 	.db #0xfb	; 251
      0004EA CF                    1303 	.db #0xcf	; 207
      0004EB F6                    1304 	.db #0xf6	; 246
      0004EC 1E                    1305 	.db #0x1e	; 30
      0004ED EC                    1306 	.db #0xec	; 236
      0004EE FF                    1307 	.db #0xff	; 255
      0004EF FF                    1308 	.db #0xff	; 255
                                   1309 	.area _INITIALIZER
                                   1310 	.area _CABS (ABS)
