                                      1 ;--------------------------------------------------------
                                      2 ; File Created by SDCC : free open source ISO C Compiler 
                                      3 ; Version 4.3.2 #14228 (Linux)
                                      4 ;--------------------------------------------------------
                                      5 	.module dungeon_map
                                      6 	.optsdcc -msm83
                                      7 	
                                      8 ;--------------------------------------------------------
                                      9 ; Public variables in this module
                                     10 ;--------------------------------------------------------
                                     11 	.globl _dungeon_mapPLN0
                                     12 ;--------------------------------------------------------
                                     13 ; special function registers
                                     14 ;--------------------------------------------------------
                                     15 ;--------------------------------------------------------
                                     16 ; ram data
                                     17 ;--------------------------------------------------------
                                     18 	.area _DATA
                                     19 ;--------------------------------------------------------
                                     20 ; ram data
                                     21 ;--------------------------------------------------------
                                     22 	.area _INITIALIZED
                                     23 ;--------------------------------------------------------
                                     24 ; absolute external ram data
                                     25 ;--------------------------------------------------------
                                     26 	.area _DABS (ABS)
                                     27 ;--------------------------------------------------------
                                     28 ; global & static initialisations
                                     29 ;--------------------------------------------------------
                                     30 	.area _HOME
                                     31 	.area _GSINIT
                                     32 	.area _GSFINAL
                                     33 	.area _GSINIT
                                     34 ;--------------------------------------------------------
                                     35 ; Home
                                     36 ;--------------------------------------------------------
                                     37 	.area _HOME
                                     38 	.area _HOME
                                     39 ;--------------------------------------------------------
                                     40 ; code
                                     41 ;--------------------------------------------------------
                                     42 	.area _CODE
                                     43 	.area _CODE
      000000                         44 _dungeon_mapPLN0:
      000000 0A                      45 	.db #0x0a	; 10
      000001 0B                      46 	.db #0x0b	; 11
      000002 07                      47 	.db #0x07	; 7
      000003 05                      48 	.db #0x05	; 5
      000004 06                      49 	.db #0x06	; 6
      000005 04                      50 	.db #0x04	; 4
      000006 07                      51 	.db #0x07	; 7
      000007 03                      52 	.db #0x03	; 3
      000008 04                      53 	.db #0x04	; 4
      000009 07                      54 	.db #0x07	; 7
      00000A 03                      55 	.db #0x03	; 3
      00000B 04                      56 	.db #0x04	; 4
      00000C 07                      57 	.db #0x07	; 7
      00000D 08                      58 	.db #0x08	; 8
      00000E 09                      59 	.db #0x09	; 9
      00000F 01                      60 	.db #0x01	; 1
      000010 0A                      61 	.db #0x0a	; 10
      000011 0B                      62 	.db #0x0b	; 11
      000012 07                      63 	.db #0x07	; 7
      000013 07                      64 	.db #0x07	; 7
      000014 03                      65 	.db #0x03	; 3
      000015 04                      66 	.db #0x04	; 4
      000016 07                      67 	.db #0x07	; 7
      000017 03                      68 	.db #0x03	; 3
      000018 04                      69 	.db #0x04	; 4
      000019 07                      70 	.db #0x07	; 7
      00001A 03                      71 	.db #0x03	; 3
      00001B 04                      72 	.db #0x04	; 4
      00001C 03                      73 	.db #0x03	; 3
      00001D 0C                      74 	.db #0x0c	; 12
      00001E 08                      75 	.db #0x08	; 8
      00001F 09                      76 	.db #0x09	; 9
      000020 0D                      77 	.db #0x0d	; 13
      000021 0E                      78 	.db #0x0e	; 14
      000022 0F                      79 	.db #0x0f	; 15
      000023 12                      80 	.db #0x12	; 18
      000024 13                      81 	.db #0x13	; 19
      000025 11                      82 	.db #0x11	; 17
      000026 0F                      83 	.db #0x0f	; 15
      000027 10                      84 	.db #0x10	; 16
      000028 11                      85 	.db #0x11	; 17
      000029 0F                      86 	.db #0x0f	; 15
      00002A 10                      87 	.db #0x10	; 16
      00002B 11                      88 	.db #0x11	; 17
      00002C 0F                      89 	.db #0x0f	; 15
      00002D 14                      90 	.db #0x14	; 20
      00002E 15                      91 	.db #0x15	; 21
      00002F 01                      92 	.db #0x01	; 1
      000030 0D                      93 	.db #0x0d	; 13
      000031 0E                      94 	.db #0x0e	; 14
      000032 0F                      95 	.db #0x0f	; 15
      000033 0F                      96 	.db #0x0f	; 15
      000034 10                      97 	.db #0x10	; 16
      000035 11                      98 	.db #0x11	; 17
      000036 0F                      99 	.db #0x0f	; 15
      000037 10                     100 	.db #0x10	; 16
      000038 11                     101 	.db #0x11	; 17
      000039 0F                     102 	.db #0x0f	; 15
      00003A 10                     103 	.db #0x10	; 16
      00003B 11                     104 	.db #0x11	; 17
      00003C 10                     105 	.db #0x10	; 16
      00003D 16                     106 	.db #0x16	; 22
      00003E 14                     107 	.db #0x14	; 20
      00003F 15                     108 	.db #0x15	; 21
      000040 17                     109 	.db #0x17	; 23
      000041 18                     110 	.db #0x18	; 24
      000042 00                     111 	.db #0x00	; 0
      000043 00                     112 	.db #0x00	; 0
      000044 00                     113 	.db #0x00	; 0
      000045 00                     114 	.db #0x00	; 0
      000046 00                     115 	.db #0x00	; 0
      000047 00                     116 	.db #0x00	; 0
      000048 00                     117 	.db #0x00	; 0
      000049 00                     118 	.db #0x00	; 0
      00004A 00                     119 	.db #0x00	; 0
      00004B 00                     120 	.db #0x00	; 0
      00004C 00                     121 	.db #0x00	; 0
      00004D 19                     122 	.db #0x19	; 25
      00004E 1A                     123 	.db #0x1a	; 26
      00004F 01                     124 	.db #0x01	; 1
      000050 1B                     125 	.db #0x1b	; 27
      000051 1C                     126 	.db #0x1c	; 28
      000052 00                     127 	.db #0x00	; 0
      000053 00                     128 	.db #0x00	; 0
      000054 00                     129 	.db #0x00	; 0
      000055 00                     130 	.db #0x00	; 0
      000056 00                     131 	.db #0x00	; 0
      000057 00                     132 	.db #0x00	; 0
      000058 00                     133 	.db #0x00	; 0
      000059 00                     134 	.db #0x00	; 0
      00005A 00                     135 	.db #0x00	; 0
      00005B 00                     136 	.db #0x00	; 0
      00005C 00                     137 	.db #0x00	; 0
      00005D 00                     138 	.db #0x00	; 0
      00005E 1D                     139 	.db #0x1d	; 29
      00005F 1E                     140 	.db #0x1e	; 30
      000060 1F                     141 	.db #0x1f	; 31
      000061 1C                     142 	.db #0x1c	; 28
      000062 00                     143 	.db #0x00	; 0
      000063 00                     144 	.db #0x00	; 0
      000064 00                     145 	.db #0x00	; 0
      000065 00                     146 	.db #0x00	; 0
      000066 00                     147 	.db #0x00	; 0
      000067 00                     148 	.db #0x00	; 0
      000068 00                     149 	.db #0x00	; 0
      000069 00                     150 	.db #0x00	; 0
      00006A 00                     151 	.db #0x00	; 0
      00006B 00                     152 	.db #0x00	; 0
      00006C 00                     153 	.db #0x00	; 0
      00006D 19                     154 	.db #0x19	; 25
      00006E 1A                     155 	.db #0x1a	; 26
      00006F 01                     156 	.db #0x01	; 1
      000070 1F                     157 	.db #0x1f	; 31
      000071 1C                     158 	.db #0x1c	; 28
      000072 00                     159 	.db #0x00	; 0
      000073 00                     160 	.db #0x00	; 0
      000074 00                     161 	.db #0x00	; 0
      000075 00                     162 	.db #0x00	; 0
      000076 00                     163 	.db #0x00	; 0
      000077 00                     164 	.db #0x00	; 0
      000078 00                     165 	.db #0x00	; 0
      000079 00                     166 	.db #0x00	; 0
      00007A 00                     167 	.db #0x00	; 0
      00007B 00                     168 	.db #0x00	; 0
      00007C 00                     169 	.db #0x00	; 0
      00007D 00                     170 	.db #0x00	; 0
      00007E 19                     171 	.db #0x19	; 25
      00007F 1A                     172 	.db #0x1a	; 26
      000080 1B                     173 	.db #0x1b	; 27
      000081 20                     174 	.db #0x20	; 32
      000082 00                     175 	.db #0x00	; 0
      000083 00                     176 	.db #0x00	; 0
      000084 00                     177 	.db #0x00	; 0
      000085 00                     178 	.db #0x00	; 0
      000086 00                     179 	.db #0x00	; 0
      000087 00                     180 	.db #0x00	; 0
      000088 00                     181 	.db #0x00	; 0
      000089 00                     182 	.db #0x00	; 0
      00008A 00                     183 	.db #0x00	; 0
      00008B 00                     184 	.db #0x00	; 0
      00008C 00                     185 	.db #0x00	; 0
      00008D 21                     186 	.db #0x21	; 33
      00008E 22                     187 	.db #0x22	; 34
      00008F 01                     188 	.db #0x01	; 1
      000090 1F                     189 	.db #0x1f	; 31
      000091 1C                     190 	.db #0x1c	; 28
      000092 00                     191 	.db #0x00	; 0
      000093 00                     192 	.db #0x00	; 0
      000094 00                     193 	.db #0x00	; 0
      000095 00                     194 	.db #0x00	; 0
      000096 00                     195 	.db #0x00	; 0
      000097 00                     196 	.db #0x00	; 0
      000098 00                     197 	.db #0x00	; 0
      000099 00                     198 	.db #0x00	; 0
      00009A 00                     199 	.db #0x00	; 0
      00009B 00                     200 	.db #0x00	; 0
      00009C 00                     201 	.db #0x00	; 0
      00009D 00                     202 	.db #0x00	; 0
      00009E 21                     203 	.db #0x21	; 33
      00009F 22                     204 	.db #0x22	; 34
      0000A0 1F                     205 	.db #0x1f	; 31
      0000A1 1C                     206 	.db #0x1c	; 28
      0000A2 00                     207 	.db #0x00	; 0
      0000A3 00                     208 	.db #0x00	; 0
      0000A4 00                     209 	.db #0x00	; 0
      0000A5 23                     210 	.db #0x23	; 35
      0000A6 24                     211 	.db #0x24	; 36
      0000A7 25                     212 	.db #0x25	; 37
      0000A8 24                     213 	.db #0x24	; 36
      0000A9 26                     214 	.db #0x26	; 38
      0000AA 00                     215 	.db #0x00	; 0
      0000AB 00                     216 	.db #0x00	; 0
      0000AC 00                     217 	.db #0x00	; 0
      0000AD 27                     218 	.db #0x27	; 39
      0000AE 28                     219 	.db #0x28	; 40
      0000AF 01                     220 	.db #0x01	; 1
      0000B0 17                     221 	.db #0x17	; 23
      0000B1 18                     222 	.db #0x18	; 24
      0000B2 00                     223 	.db #0x00	; 0
      0000B3 00                     224 	.db #0x00	; 0
      0000B4 00                     225 	.db #0x00	; 0
      0000B5 23                     226 	.db #0x23	; 35
      0000B6 24                     227 	.db #0x24	; 36
      0000B7 25                     228 	.db #0x25	; 37
      0000B8 24                     229 	.db #0x24	; 36
      0000B9 26                     230 	.db #0x26	; 38
      0000BA 00                     231 	.db #0x00	; 0
      0000BB 00                     232 	.db #0x00	; 0
      0000BC 00                     233 	.db #0x00	; 0
      0000BD 00                     234 	.db #0x00	; 0
      0000BE 27                     235 	.db #0x27	; 39
      0000BF 28                     236 	.db #0x28	; 40
      0000C0 17                     237 	.db #0x17	; 23
      0000C1 18                     238 	.db #0x18	; 24
      0000C2 00                     239 	.db #0x00	; 0
      0000C3 00                     240 	.db #0x00	; 0
      0000C4 00                     241 	.db #0x00	; 0
      0000C5 19                     242 	.db #0x19	; 25
      0000C6 2B                     243 	.db #0x2b	; 43
      0000C7 2C                     244 	.db #0x2c	; 44
      0000C8 2D                     245 	.db #0x2d	; 45
      0000C9 20                     246 	.db #0x20	; 32
      0000CA 00                     247 	.db #0x00	; 0
      0000CB 00                     248 	.db #0x00	; 0
      0000CC 00                     249 	.db #0x00	; 0
      0000CD 19                     250 	.db #0x19	; 25
      0000CE 1A                     251 	.db #0x1a	; 26
      0000CF 01                     252 	.db #0x01	; 1
      0000D0 1F                     253 	.db #0x1f	; 31
      0000D1 1C                     254 	.db #0x1c	; 28
      0000D2 00                     255 	.db #0x00	; 0
      0000D3 00                     256 	.db #0x00	; 0
      0000D4 00                     257 	.db #0x00	; 0
      0000D5 19                     258 	.db #0x19	; 25
      0000D6 2B                     259 	.db #0x2b	; 43
      0000D7 2C                     260 	.db #0x2c	; 44
      0000D8 2D                     261 	.db #0x2d	; 45
      0000D9 20                     262 	.db #0x20	; 32
      0000DA 00                     263 	.db #0x00	; 0
      0000DB 00                     264 	.db #0x00	; 0
      0000DC 00                     265 	.db #0x00	; 0
      0000DD 00                     266 	.db #0x00	; 0
      0000DE 19                     267 	.db #0x19	; 25
      0000DF 1A                     268 	.db #0x1a	; 26
      0000E0 1F                     269 	.db #0x1f	; 31
      0000E1 1C                     270 	.db #0x1c	; 28
      0000E2 00                     271 	.db #0x00	; 0
      0000E3 00                     272 	.db #0x00	; 0
      0000E4 00                     273 	.db #0x00	; 0
      0000E5 21                     274 	.db #0x21	; 33
      0000E6 22                     275 	.db #0x22	; 34
      0000E7 01                     276 	.db #0x01	; 1
      0000E8 1F                     277 	.db #0x1f	; 31
      0000E9 1C                     278 	.db #0x1c	; 28
      0000EA 00                     279 	.db #0x00	; 0
      0000EB 00                     280 	.db #0x00	; 0
      0000EC 00                     281 	.db #0x00	; 0
      0000ED 21                     282 	.db #0x21	; 33
      0000EE 15                     283 	.db #0x15	; 21
      0000EF 01                     284 	.db #0x01	; 1
      0000F0 0D                     285 	.db #0x0d	; 13
      0000F1 1C                     286 	.db #0x1c	; 28
      0000F2 00                     287 	.db #0x00	; 0
      0000F3 00                     288 	.db #0x00	; 0
      0000F4 00                     289 	.db #0x00	; 0
      0000F5 21                     290 	.db #0x21	; 33
      0000F6 22                     291 	.db #0x22	; 34
      0000F7 01                     292 	.db #0x01	; 1
      0000F8 1F                     293 	.db #0x1f	; 31
      0000F9 1C                     294 	.db #0x1c	; 28
      0000FA 00                     295 	.db #0x00	; 0
      0000FB 00                     296 	.db #0x00	; 0
      0000FC 00                     297 	.db #0x00	; 0
      0000FD 00                     298 	.db #0x00	; 0
      0000FE 21                     299 	.db #0x21	; 33
      0000FF 22                     300 	.db #0x22	; 34
      000100 1B                     301 	.db #0x1b	; 27
      000101 20                     302 	.db #0x20	; 32
      000102 00                     303 	.db #0x00	; 0
      000103 00                     304 	.db #0x00	; 0
      000104 00                     305 	.db #0x00	; 0
      000105 27                     306 	.db #0x27	; 39
      000106 28                     307 	.db #0x28	; 40
      000107 01                     308 	.db #0x01	; 1
      000108 17                     309 	.db #0x17	; 23
      000109 18                     310 	.db #0x18	; 24
      00010A 00                     311 	.db #0x00	; 0
      00010B 00                     312 	.db #0x00	; 0
      00010C 00                     313 	.db #0x00	; 0
      00010D 30                     314 	.db #0x30	; 48	'0'
      00010E 31                     315 	.db #0x31	; 49	'1'
      00010F 32                     316 	.db #0x32	; 50	'2'
      000110 33                     317 	.db #0x33	; 51	'3'
      000111 20                     318 	.db #0x20	; 32
      000112 00                     319 	.db #0x00	; 0
      000113 00                     320 	.db #0x00	; 0
      000114 00                     321 	.db #0x00	; 0
      000115 21                     322 	.db #0x21	; 33
      000116 22                     323 	.db #0x22	; 34
      000117 01                     324 	.db #0x01	; 1
      000118 1F                     325 	.db #0x1f	; 31
      000119 1C                     326 	.db #0x1c	; 28
      00011A 00                     327 	.db #0x00	; 0
      00011B 00                     328 	.db #0x00	; 0
      00011C 00                     329 	.db #0x00	; 0
      00011D 00                     330 	.db #0x00	; 0
      00011E 19                     331 	.db #0x19	; 25
      00011F 1A                     332 	.db #0x1a	; 26
      000120 1F                     333 	.db #0x1f	; 31
      000121 1C                     334 	.db #0x1c	; 28
      000122 00                     335 	.db #0x00	; 0
      000123 00                     336 	.db #0x00	; 0
      000124 00                     337 	.db #0x00	; 0
      000125 19                     338 	.db #0x19	; 25
      000126 1A                     339 	.db #0x1a	; 26
      000127 01                     340 	.db #0x01	; 1
      000128 1F                     341 	.db #0x1f	; 31
      000129 1C                     342 	.db #0x1c	; 28
      00012A 00                     343 	.db #0x00	; 0
      00012B 00                     344 	.db #0x00	; 0
      00012C 00                     345 	.db #0x00	; 0
      00012D 34                     346 	.db #0x34	; 52	'4'
      00012E 35                     347 	.db #0x35	; 53	'5'
      00012F 0F                     348 	.db #0x0f	; 15
      000130 10                     349 	.db #0x10	; 16
      000131 36                     350 	.db #0x36	; 54	'6'
      000132 00                     351 	.db #0x00	; 0
      000133 00                     352 	.db #0x00	; 0
      000134 00                     353 	.db #0x00	; 0
      000135 27                     354 	.db #0x27	; 39
      000136 28                     355 	.db #0x28	; 40
      000137 01                     356 	.db #0x01	; 1
      000138 17                     357 	.db #0x17	; 23
      000139 18                     358 	.db #0x18	; 24
      00013A 00                     359 	.db #0x00	; 0
      00013B 00                     360 	.db #0x00	; 0
      00013C 00                     361 	.db #0x00	; 0
      00013D 00                     362 	.db #0x00	; 0
      00013E 21                     363 	.db #0x21	; 33
      00013F 22                     364 	.db #0x22	; 34
      000140 1F                     365 	.db #0x1f	; 31
      000141 1C                     366 	.db #0x1c	; 28
      000142 00                     367 	.db #0x00	; 0
      000143 00                     368 	.db #0x00	; 0
      000144 00                     369 	.db #0x00	; 0
      000145 21                     370 	.db #0x21	; 33
      000146 22                     371 	.db #0x22	; 34
      000147 01                     372 	.db #0x01	; 1
      000148 1B                     373 	.db #0x1b	; 27
      000149 20                     374 	.db #0x20	; 32
      00014A 00                     375 	.db #0x00	; 0
      00014B 00                     376 	.db #0x00	; 0
      00014C 00                     377 	.db #0x00	; 0
      00014D 00                     378 	.db #0x00	; 0
      00014E 00                     379 	.db #0x00	; 0
      00014F 00                     380 	.db #0x00	; 0
      000150 00                     381 	.db #0x00	; 0
      000151 00                     382 	.db #0x00	; 0
      000152 00                     383 	.db #0x00	; 0
      000153 00                     384 	.db #0x00	; 0
      000154 00                     385 	.db #0x00	; 0
      000155 19                     386 	.db #0x19	; 25
      000156 1A                     387 	.db #0x1a	; 26
      000157 01                     388 	.db #0x01	; 1
      000158 1F                     389 	.db #0x1f	; 31
      000159 1C                     390 	.db #0x1c	; 28
      00015A 00                     391 	.db #0x00	; 0
      00015B 00                     392 	.db #0x00	; 0
      00015C 00                     393 	.db #0x00	; 0
      00015D 00                     394 	.db #0x00	; 0
      00015E 19                     395 	.db #0x19	; 25
      00015F 1A                     396 	.db #0x1a	; 26
      000160 1F                     397 	.db #0x1f	; 31
      000161 1C                     398 	.db #0x1c	; 28
      000162 00                     399 	.db #0x00	; 0
      000163 00                     400 	.db #0x00	; 0
      000164 00                     401 	.db #0x00	; 0
      000165 19                     402 	.db #0x19	; 25
      000166 1A                     403 	.db #0x1a	; 26
      000167 01                     404 	.db #0x01	; 1
      000168 1F                     405 	.db #0x1f	; 31
      000169 1C                     406 	.db #0x1c	; 28
      00016A 00                     407 	.db #0x00	; 0
      00016B 00                     408 	.db #0x00	; 0
      00016C 00                     409 	.db #0x00	; 0
      00016D 00                     410 	.db #0x00	; 0
      00016E 00                     411 	.db #0x00	; 0
      00016F 00                     412 	.db #0x00	; 0
      000170 00                     413 	.db #0x00	; 0
      000171 00                     414 	.db #0x00	; 0
      000172 00                     415 	.db #0x00	; 0
      000173 00                     416 	.db #0x00	; 0
      000174 00                     417 	.db #0x00	; 0
      000175 21                     418 	.db #0x21	; 33
      000176 22                     419 	.db #0x22	; 34
      000177 01                     420 	.db #0x01	; 1
      000178 1B                     421 	.db #0x1b	; 27
      000179 20                     422 	.db #0x20	; 32
      00017A 00                     423 	.db #0x00	; 0
      00017B 00                     424 	.db #0x00	; 0
      00017C 00                     425 	.db #0x00	; 0
      00017D 00                     426 	.db #0x00	; 0
      00017E 21                     427 	.db #0x21	; 33
      00017F 22                     428 	.db #0x22	; 34
      000180 1B                     429 	.db #0x1b	; 27
      000181 20                     430 	.db #0x20	; 32
      000182 00                     431 	.db #0x00	; 0
      000183 00                     432 	.db #0x00	; 0
      000184 00                     433 	.db #0x00	; 0
      000185 21                     434 	.db #0x21	; 33
      000186 22                     435 	.db #0x22	; 34
      000187 01                     436 	.db #0x01	; 1
      000188 1F                     437 	.db #0x1f	; 31
      000189 1C                     438 	.db #0x1c	; 28
      00018A 00                     439 	.db #0x00	; 0
      00018B 00                     440 	.db #0x00	; 0
      00018C 00                     441 	.db #0x00	; 0
      00018D 00                     442 	.db #0x00	; 0
      00018E 00                     443 	.db #0x00	; 0
      00018F 00                     444 	.db #0x00	; 0
      000190 00                     445 	.db #0x00	; 0
      000191 00                     446 	.db #0x00	; 0
      000192 00                     447 	.db #0x00	; 0
      000193 00                     448 	.db #0x00	; 0
      000194 00                     449 	.db #0x00	; 0
      000195 19                     450 	.db #0x19	; 25
      000196 1A                     451 	.db #0x1a	; 26
      000197 01                     452 	.db #0x01	; 1
      000198 1F                     453 	.db #0x1f	; 31
      000199 1C                     454 	.db #0x1c	; 28
      00019A 00                     455 	.db #0x00	; 0
      00019B 00                     456 	.db #0x00	; 0
      00019C 00                     457 	.db #0x00	; 0
      00019D 00                     458 	.db #0x00	; 0
      00019E 27                     459 	.db #0x27	; 39
      00019F 28                     460 	.db #0x28	; 40
      0001A0 1F                     461 	.db #0x1f	; 31
      0001A1 1C                     462 	.db #0x1c	; 28
      0001A2 00                     463 	.db #0x00	; 0
      0001A3 00                     464 	.db #0x00	; 0
      0001A4 00                     465 	.db #0x00	; 0
      0001A5 19                     466 	.db #0x19	; 25
      0001A6 1A                     467 	.db #0x1a	; 26
      0001A7 01                     468 	.db #0x01	; 1
      0001A8 37                     469 	.db #0x37	; 55	'7'
      0001A9 38                     470 	.db #0x38	; 56	'8'
      0001AA 24                     471 	.db #0x24	; 36
      0001AB 26                     472 	.db #0x26	; 38
      0001AC 00                     473 	.db #0x00	; 0
      0001AD 00                     474 	.db #0x00	; 0
      0001AE 00                     475 	.db #0x00	; 0
      0001AF 23                     476 	.db #0x23	; 35
      0001B0 24                     477 	.db #0x24	; 36
      0001B1 24                     478 	.db #0x24	; 36
      0001B2 25                     479 	.db #0x25	; 37
      0001B3 24                     480 	.db #0x24	; 36
      0001B4 39                     481 	.db #0x39	; 57	'9'
      0001B5 3A                     482 	.db #0x3a	; 58
      0001B6 3B                     483 	.db #0x3b	; 59
      0001B7 01                     484 	.db #0x01	; 1
      0001B8 1F                     485 	.db #0x1f	; 31
      0001B9 1C                     486 	.db #0x1c	; 28
      0001BA 00                     487 	.db #0x00	; 0
      0001BB 00                     488 	.db #0x00	; 0
      0001BC 00                     489 	.db #0x00	; 0
      0001BD 00                     490 	.db #0x00	; 0
      0001BE 19                     491 	.db #0x19	; 25
      0001BF 1A                     492 	.db #0x1a	; 26
      0001C0 1B                     493 	.db #0x1b	; 27
      0001C1 20                     494 	.db #0x20	; 32
      0001C2 00                     495 	.db #0x00	; 0
      0001C3 00                     496 	.db #0x00	; 0
      0001C4 00                     497 	.db #0x00	; 0
      0001C5 21                     498 	.db #0x21	; 33
      0001C6 22                     499 	.db #0x22	; 34
      0001C7 01                     500 	.db #0x01	; 1
      0001C8 3C                     501 	.db #0x3c	; 60
      0001C9 3D                     502 	.db #0x3d	; 61
      0001CA 2D                     503 	.db #0x2d	; 45
      0001CB 20                     504 	.db #0x20	; 32
      0001CC 00                     505 	.db #0x00	; 0
      0001CD 00                     506 	.db #0x00	; 0
      0001CE 00                     507 	.db #0x00	; 0
      0001CF 19                     508 	.db #0x19	; 25
      0001D0 2B                     509 	.db #0x2b	; 43
      0001D1 3E                     510 	.db #0x3e	; 62
      0001D2 3F                     511 	.db #0x3f	; 63
      0001D3 3E                     512 	.db #0x3e	; 62
      0001D4 40                     513 	.db #0x40	; 64
      0001D5 41                     514 	.db #0x41	; 65	'A'
      0001D6 42                     515 	.db #0x42	; 66	'B'
      0001D7 01                     516 	.db #0x01	; 1
      0001D8 1B                     517 	.db #0x1b	; 27
      0001D9 20                     518 	.db #0x20	; 32
      0001DA 00                     519 	.db #0x00	; 0
      0001DB 00                     520 	.db #0x00	; 0
      0001DC 00                     521 	.db #0x00	; 0
      0001DD 00                     522 	.db #0x00	; 0
      0001DE 21                     523 	.db #0x21	; 33
      0001DF 22                     524 	.db #0x22	; 34
      0001E0 1F                     525 	.db #0x1f	; 31
      0001E1 1C                     526 	.db #0x1c	; 28
      0001E2 00                     527 	.db #0x00	; 0
      0001E3 00                     528 	.db #0x00	; 0
      0001E4 00                     529 	.db #0x00	; 0
      0001E5 27                     530 	.db #0x27	; 39
      0001E6 15                     531 	.db #0x15	; 21
      0001E7 01                     532 	.db #0x01	; 1
      0001E8 01                     533 	.db #0x01	; 1
      0001E9 01                     534 	.db #0x01	; 1
      0001EA 1F                     535 	.db #0x1f	; 31
      0001EB 1C                     536 	.db #0x1c	; 28
      0001EC 00                     537 	.db #0x00	; 0
      0001ED 00                     538 	.db #0x00	; 0
      0001EE 00                     539 	.db #0x00	; 0
      0001EF 21                     540 	.db #0x21	; 33
      0001F0 22                     541 	.db #0x22	; 34
      0001F1 01                     542 	.db #0x01	; 1
      0001F2 01                     543 	.db #0x01	; 1
      0001F3 01                     544 	.db #0x01	; 1
      0001F4 01                     545 	.db #0x01	; 1
      0001F5 01                     546 	.db #0x01	; 1
      0001F6 01                     547 	.db #0x01	; 1
      0001F7 01                     548 	.db #0x01	; 1
      0001F8 0D                     549 	.db #0x0d	; 13
      0001F9 20                     550 	.db #0x20	; 32
      0001FA 00                     551 	.db #0x00	; 0
      0001FB 00                     552 	.db #0x00	; 0
      0001FC 00                     553 	.db #0x00	; 0
      0001FD 00                     554 	.db #0x00	; 0
      0001FE 19                     555 	.db #0x19	; 25
      0001FF 1A                     556 	.db #0x1a	; 26
      000200 1F                     557 	.db #0x1f	; 31
      000201 1C                     558 	.db #0x1c	; 28
      000202 00                     559 	.db #0x00	; 0
      000203 00                     560 	.db #0x00	; 0
      000204 00                     561 	.db #0x00	; 0
      000205 30                     562 	.db #0x30	; 48	'0'
      000206 31                     563 	.db #0x31	; 49	'1'
      000207 0B                     564 	.db #0x0b	; 11
      000208 03                     565 	.db #0x03	; 3
      000209 07                     566 	.db #0x07	; 7
      00020A 33                     567 	.db #0x33	; 51	'3'
      00020B 20                     568 	.db #0x20	; 32
      00020C 00                     569 	.db #0x00	; 0
      00020D 00                     570 	.db #0x00	; 0
      00020E 00                     571 	.db #0x00	; 0
      00020F 30                     572 	.db #0x30	; 48	'0'
      000210 31                     573 	.db #0x31	; 49	'1'
      000211 08                     574 	.db #0x08	; 8
      000212 09                     575 	.db #0x09	; 9
      000213 01                     576 	.db #0x01	; 1
      000214 0A                     577 	.db #0x0a	; 10
      000215 0B                     578 	.db #0x0b	; 11
      000216 07                     579 	.db #0x07	; 7
      000217 0B                     580 	.db #0x0b	; 11
      000218 33                     581 	.db #0x33	; 51	'3'
      000219 20                     582 	.db #0x20	; 32
      00021A 00                     583 	.db #0x00	; 0
      00021B 00                     584 	.db #0x00	; 0
      00021C 00                     585 	.db #0x00	; 0
      00021D 00                     586 	.db #0x00	; 0
      00021E 21                     587 	.db #0x21	; 33
      00021F 22                     588 	.db #0x22	; 34
      000220 1F                     589 	.db #0x1f	; 31
      000221 1C                     590 	.db #0x1c	; 28
      000222 00                     591 	.db #0x00	; 0
      000223 00                     592 	.db #0x00	; 0
      000224 00                     593 	.db #0x00	; 0
      000225 34                     594 	.db #0x34	; 52	'4'
      000226 35                     595 	.db #0x35	; 53	'5'
      000227 0F                     596 	.db #0x0f	; 15
      000228 10                     597 	.db #0x10	; 16
      000229 0F                     598 	.db #0x0f	; 15
      00022A 10                     599 	.db #0x10	; 16
      00022B 36                     600 	.db #0x36	; 54	'6'
      00022C 00                     601 	.db #0x00	; 0
      00022D 00                     602 	.db #0x00	; 0
      00022E 00                     603 	.db #0x00	; 0
      00022F 34                     604 	.db #0x34	; 52	'4'
      000230 35                     605 	.db #0x35	; 53	'5'
      000231 14                     606 	.db #0x14	; 20
      000232 15                     607 	.db #0x15	; 21
      000233 01                     608 	.db #0x01	; 1
      000234 0D                     609 	.db #0x0d	; 13
      000235 0E                     610 	.db #0x0e	; 14
      000236 0F                     611 	.db #0x0f	; 15
      000237 0F                     612 	.db #0x0f	; 15
      000238 10                     613 	.db #0x10	; 16
      000239 36                     614 	.db #0x36	; 54	'6'
      00023A 00                     615 	.db #0x00	; 0
      00023B 00                     616 	.db #0x00	; 0
      00023C 00                     617 	.db #0x00	; 0
      00023D 00                     618 	.db #0x00	; 0
      00023E 19                     619 	.db #0x19	; 25
      00023F 22                     620 	.db #0x22	; 34
      000240 29                     621 	.db #0x29	; 41
      000241 2A                     622 	.db #0x2a	; 42
      000242 00                     623 	.db #0x00	; 0
      000243 00                     624 	.db #0x00	; 0
      000244 00                     625 	.db #0x00	; 0
      000245 00                     626 	.db #0x00	; 0
      000246 00                     627 	.db #0x00	; 0
      000247 00                     628 	.db #0x00	; 0
      000248 00                     629 	.db #0x00	; 0
      000249 00                     630 	.db #0x00	; 0
      00024A 00                     631 	.db #0x00	; 0
      00024B 00                     632 	.db #0x00	; 0
      00024C 00                     633 	.db #0x00	; 0
      00024D 00                     634 	.db #0x00	; 0
      00024E 00                     635 	.db #0x00	; 0
      00024F 00                     636 	.db #0x00	; 0
      000250 00                     637 	.db #0x00	; 0
      000251 19                     638 	.db #0x19	; 25
      000252 1A                     639 	.db #0x1a	; 26
      000253 01                     640 	.db #0x01	; 1
      000254 1F                     641 	.db #0x1f	; 31
      000255 1C                     642 	.db #0x1c	; 28
      000256 00                     643 	.db #0x00	; 0
      000257 00                     644 	.db #0x00	; 0
      000258 00                     645 	.db #0x00	; 0
      000259 00                     646 	.db #0x00	; 0
      00025A 00                     647 	.db #0x00	; 0
      00025B 00                     648 	.db #0x00	; 0
      00025C 00                     649 	.db #0x00	; 0
      00025D 00                     650 	.db #0x00	; 0
      00025E 43                     651 	.db #0x43	; 67	'C'
      00025F 44                     652 	.db #0x44	; 68	'D'
      000260 2E                     653 	.db #0x2e	; 46
      000261 2F                     654 	.db #0x2f	; 47
      000262 00                     655 	.db #0x00	; 0
      000263 00                     656 	.db #0x00	; 0
      000264 00                     657 	.db #0x00	; 0
      000265 00                     658 	.db #0x00	; 0
      000266 00                     659 	.db #0x00	; 0
      000267 00                     660 	.db #0x00	; 0
      000268 00                     661 	.db #0x00	; 0
      000269 00                     662 	.db #0x00	; 0
      00026A 00                     663 	.db #0x00	; 0
      00026B 00                     664 	.db #0x00	; 0
      00026C 00                     665 	.db #0x00	; 0
      00026D 00                     666 	.db #0x00	; 0
      00026E 00                     667 	.db #0x00	; 0
      00026F 00                     668 	.db #0x00	; 0
      000270 00                     669 	.db #0x00	; 0
      000271 19                     670 	.db #0x19	; 25
      000272 1A                     671 	.db #0x1a	; 26
      000273 01                     672 	.db #0x01	; 1
      000274 1F                     673 	.db #0x1f	; 31
      000275 1C                     674 	.db #0x1c	; 28
      000276 00                     675 	.db #0x00	; 0
      000277 00                     676 	.db #0x00	; 0
      000278 00                     677 	.db #0x00	; 0
      000279 00                     678 	.db #0x00	; 0
      00027A 00                     679 	.db #0x00	; 0
      00027B 00                     680 	.db #0x00	; 0
      00027C 00                     681 	.db #0x00	; 0
      00027D 00                     682 	.db #0x00	; 0
      00027E 45                     683 	.db #0x45	; 69	'E'
      00027F 46                     684 	.db #0x46	; 70	'F'
      000280 1B                     685 	.db #0x1b	; 27
      000281 20                     686 	.db #0x20	; 32
      000282 00                     687 	.db #0x00	; 0
      000283 00                     688 	.db #0x00	; 0
      000284 00                     689 	.db #0x00	; 0
      000285 00                     690 	.db #0x00	; 0
      000286 00                     691 	.db #0x00	; 0
      000287 00                     692 	.db #0x00	; 0
      000288 00                     693 	.db #0x00	; 0
      000289 00                     694 	.db #0x00	; 0
      00028A 00                     695 	.db #0x00	; 0
      00028B 00                     696 	.db #0x00	; 0
      00028C 00                     697 	.db #0x00	; 0
      00028D 00                     698 	.db #0x00	; 0
      00028E 00                     699 	.db #0x00	; 0
      00028F 00                     700 	.db #0x00	; 0
      000290 00                     701 	.db #0x00	; 0
      000291 30                     702 	.db #0x30	; 48	'0'
      000292 31                     703 	.db #0x31	; 49	'1'
      000293 32                     704 	.db #0x32	; 50	'2'
      000294 33                     705 	.db #0x33	; 51	'3'
      000295 20                     706 	.db #0x20	; 32
      000296 00                     707 	.db #0x00	; 0
      000297 00                     708 	.db #0x00	; 0
      000298 00                     709 	.db #0x00	; 0
      000299 00                     710 	.db #0x00	; 0
      00029A 00                     711 	.db #0x00	; 0
      00029B 00                     712 	.db #0x00	; 0
      00029C 00                     713 	.db #0x00	; 0
      00029D 00                     714 	.db #0x00	; 0
      00029E 21                     715 	.db #0x21	; 33
      00029F 22                     716 	.db #0x22	; 34
      0002A0 37                     717 	.db #0x37	; 55	'7'
      0002A1 38                     718 	.db #0x38	; 56	'8'
      0002A2 24                     719 	.db #0x24	; 36
      0002A3 24                     720 	.db #0x24	; 36
      0002A4 24                     721 	.db #0x24	; 36
      0002A5 24                     722 	.db #0x24	; 36
      0002A6 24                     723 	.db #0x24	; 36
      0002A7 25                     724 	.db #0x25	; 37
      0002A8 24                     725 	.db #0x24	; 36
      0002A9 39                     726 	.db #0x39	; 57	'9'
      0002AA 24                     727 	.db #0x24	; 36
      0002AB 25                     728 	.db #0x25	; 37
      0002AC 24                     729 	.db #0x24	; 36
      0002AD 26                     730 	.db #0x26	; 38
      0002AE 00                     731 	.db #0x00	; 0
      0002AF 00                     732 	.db #0x00	; 0
      0002B0 00                     733 	.db #0x00	; 0
      0002B1 34                     734 	.db #0x34	; 52	'4'
      0002B2 35                     735 	.db #0x35	; 53	'5'
      0002B3 0F                     736 	.db #0x0f	; 15
      0002B4 10                     737 	.db #0x10	; 16
      0002B5 36                     738 	.db #0x36	; 54	'6'
      0002B6 00                     739 	.db #0x00	; 0
      0002B7 00                     740 	.db #0x00	; 0
      0002B8 00                     741 	.db #0x00	; 0
      0002B9 23                     742 	.db #0x23	; 35
      0002BA 24                     743 	.db #0x24	; 36
      0002BB 24                     744 	.db #0x24	; 36
      0002BC 24                     745 	.db #0x24	; 36
      0002BD 24                     746 	.db #0x24	; 36
      0002BE 3A                     747 	.db #0x3a	; 58
      0002BF 3B                     748 	.db #0x3b	; 59
      0002C0 3C                     749 	.db #0x3c	; 60
      0002C1 3D                     750 	.db #0x3d	; 61
      0002C2 3E                     751 	.db #0x3e	; 62
      0002C3 3E                     752 	.db #0x3e	; 62
      0002C4 3E                     753 	.db #0x3e	; 62
      0002C5 3E                     754 	.db #0x3e	; 62
      0002C6 3E                     755 	.db #0x3e	; 62
      0002C7 3F                     756 	.db #0x3f	; 63
      0002C8 3E                     757 	.db #0x3e	; 62
      0002C9 40                     758 	.db #0x40	; 64
      0002CA 3E                     759 	.db #0x3e	; 62
      0002CB 2C                     760 	.db #0x2c	; 44
      0002CC 2D                     761 	.db #0x2d	; 45
      0002CD 20                     762 	.db #0x20	; 32
      0002CE 00                     763 	.db #0x00	; 0
      0002CF 00                     764 	.db #0x00	; 0
      0002D0 00                     765 	.db #0x00	; 0
      0002D1 00                     766 	.db #0x00	; 0
      0002D2 00                     767 	.db #0x00	; 0
      0002D3 00                     768 	.db #0x00	; 0
      0002D4 00                     769 	.db #0x00	; 0
      0002D5 00                     770 	.db #0x00	; 0
      0002D6 00                     771 	.db #0x00	; 0
      0002D7 00                     772 	.db #0x00	; 0
      0002D8 00                     773 	.db #0x00	; 0
      0002D9 19                     774 	.db #0x19	; 25
      0002DA 2B                     775 	.db #0x2b	; 43
      0002DB 41                     776 	.db #0x41	; 65	'A'
      0002DC 3E                     777 	.db #0x3e	; 62
      0002DD 3E                     778 	.db #0x3e	; 62
      0002DE 41                     779 	.db #0x41	; 65	'A'
      0002DF 42                     780 	.db #0x42	; 66	'B'
      0002E0 01                     781 	.db #0x01	; 1
      0002E1 01                     782 	.db #0x01	; 1
      0002E2 01                     783 	.db #0x01	; 1
      0002E3 01                     784 	.db #0x01	; 1
      0002E4 01                     785 	.db #0x01	; 1
      0002E5 01                     786 	.db #0x01	; 1
      0002E6 01                     787 	.db #0x01	; 1
      0002E7 01                     788 	.db #0x01	; 1
      0002E8 01                     789 	.db #0x01	; 1
      0002E9 01                     790 	.db #0x01	; 1
      0002EA 01                     791 	.db #0x01	; 1
      0002EB 01                     792 	.db #0x01	; 1
      0002EC 1F                     793 	.db #0x1f	; 31
      0002ED 1C                     794 	.db #0x1c	; 28
      0002EE 00                     795 	.db #0x00	; 0
      0002EF 00                     796 	.db #0x00	; 0
      0002F0 00                     797 	.db #0x00	; 0
      0002F1 00                     798 	.db #0x00	; 0
      0002F2 00                     799 	.db #0x00	; 0
      0002F3 00                     800 	.db #0x00	; 0
      0002F4 00                     801 	.db #0x00	; 0
      0002F5 00                     802 	.db #0x00	; 0
      0002F6 00                     803 	.db #0x00	; 0
      0002F7 00                     804 	.db #0x00	; 0
      0002F8 00                     805 	.db #0x00	; 0
      0002F9 21                     806 	.db #0x21	; 33
      0002FA 22                     807 	.db #0x22	; 34
      0002FB 01                     808 	.db #0x01	; 1
      0002FC 01                     809 	.db #0x01	; 1
      0002FD 01                     810 	.db #0x01	; 1
      0002FE 01                     811 	.db #0x01	; 1
      0002FF 01                     812 	.db #0x01	; 1
      000300 0A                     813 	.db #0x0a	; 10
      000301 0B                     814 	.db #0x0b	; 11
      000302 07                     815 	.db #0x07	; 7
      000303 03                     816 	.db #0x03	; 3
      000304 07                     817 	.db #0x07	; 7
      000305 03                     818 	.db #0x03	; 3
      000306 04                     819 	.db #0x04	; 4
      000307 07                     820 	.db #0x07	; 7
      000308 03                     821 	.db #0x03	; 3
      000309 04                     822 	.db #0x04	; 4
      00030A 0B                     823 	.db #0x0b	; 11
      00030B 0B                     824 	.db #0x0b	; 11
      00030C 33                     825 	.db #0x33	; 51	'3'
      00030D 20                     826 	.db #0x20	; 32
      00030E 00                     827 	.db #0x00	; 0
      00030F 00                     828 	.db #0x00	; 0
      000310 00                     829 	.db #0x00	; 0
      000311 00                     830 	.db #0x00	; 0
      000312 00                     831 	.db #0x00	; 0
      000313 00                     832 	.db #0x00	; 0
      000314 00                     833 	.db #0x00	; 0
      000315 00                     834 	.db #0x00	; 0
      000316 00                     835 	.db #0x00	; 0
      000317 00                     836 	.db #0x00	; 0
      000318 00                     837 	.db #0x00	; 0
      000319 30                     838 	.db #0x30	; 48	'0'
      00031A 31                     839 	.db #0x31	; 49	'1'
      00031B 0B                     840 	.db #0x0b	; 11
      00031C 07                     841 	.db #0x07	; 7
      00031D 03                     842 	.db #0x03	; 3
      00031E 08                     843 	.db #0x08	; 8
      00031F 09                     844 	.db #0x09	; 9
      000320 0D                     845 	.db #0x0d	; 13
      000321 0E                     846 	.db #0x0e	; 14
      000322 0F                     847 	.db #0x0f	; 15
      000323 10                     848 	.db #0x10	; 16
      000324 0F                     849 	.db #0x0f	; 15
      000325 10                     850 	.db #0x10	; 16
      000326 11                     851 	.db #0x11	; 17
      000327 0F                     852 	.db #0x0f	; 15
      000328 10                     853 	.db #0x10	; 16
      000329 11                     854 	.db #0x11	; 17
      00032A 10                     855 	.db #0x10	; 16
      00032B 0F                     856 	.db #0x0f	; 15
      00032C 10                     857 	.db #0x10	; 16
      00032D 36                     858 	.db #0x36	; 54	'6'
      00032E 00                     859 	.db #0x00	; 0
      00032F 00                     860 	.db #0x00	; 0
      000330 00                     861 	.db #0x00	; 0
      000331 23                     862 	.db #0x23	; 35
      000332 24                     863 	.db #0x24	; 36
      000333 25                     864 	.db #0x25	; 37
      000334 24                     865 	.db #0x24	; 36
      000335 26                     866 	.db #0x26	; 38
      000336 00                     867 	.db #0x00	; 0
      000337 00                     868 	.db #0x00	; 0
      000338 00                     869 	.db #0x00	; 0
      000339 34                     870 	.db #0x34	; 52	'4'
      00033A 35                     871 	.db #0x35	; 53	'5'
      00033B 10                     872 	.db #0x10	; 16
      00033C 0F                     873 	.db #0x0f	; 15
      00033D 10                     874 	.db #0x10	; 16
      00033E 14                     875 	.db #0x14	; 20
      00033F 15                     876 	.db #0x15	; 21
      000340 1F                     877 	.db #0x1f	; 31
      000341 1C                     878 	.db #0x1c	; 28
      000342 00                     879 	.db #0x00	; 0
      000343 00                     880 	.db #0x00	; 0
      000344 00                     881 	.db #0x00	; 0
      000345 00                     882 	.db #0x00	; 0
      000346 00                     883 	.db #0x00	; 0
      000347 00                     884 	.db #0x00	; 0
      000348 00                     885 	.db #0x00	; 0
      000349 00                     886 	.db #0x00	; 0
      00034A 00                     887 	.db #0x00	; 0
      00034B 00                     888 	.db #0x00	; 0
      00034C 00                     889 	.db #0x00	; 0
      00034D 00                     890 	.db #0x00	; 0
      00034E 00                     891 	.db #0x00	; 0
      00034F 00                     892 	.db #0x00	; 0
      000350 00                     893 	.db #0x00	; 0
      000351 19                     894 	.db #0x19	; 25
      000352 2B                     895 	.db #0x2b	; 43
      000353 2C                     896 	.db #0x2c	; 44
      000354 2D                     897 	.db #0x2d	; 45
      000355 20                     898 	.db #0x20	; 32
      000356 00                     899 	.db #0x00	; 0
      000357 00                     900 	.db #0x00	; 0
      000358 00                     901 	.db #0x00	; 0
      000359 00                     902 	.db #0x00	; 0
      00035A 00                     903 	.db #0x00	; 0
      00035B 00                     904 	.db #0x00	; 0
      00035C 00                     905 	.db #0x00	; 0
      00035D 00                     906 	.db #0x00	; 0
      00035E 27                     907 	.db #0x27	; 39
      00035F 28                     908 	.db #0x28	; 40
      000360 1F                     909 	.db #0x1f	; 31
      000361 1C                     910 	.db #0x1c	; 28
      000362 00                     911 	.db #0x00	; 0
      000363 00                     912 	.db #0x00	; 0
      000364 00                     913 	.db #0x00	; 0
      000365 00                     914 	.db #0x00	; 0
      000366 00                     915 	.db #0x00	; 0
      000367 00                     916 	.db #0x00	; 0
      000368 00                     917 	.db #0x00	; 0
      000369 00                     918 	.db #0x00	; 0
      00036A 00                     919 	.db #0x00	; 0
      00036B 00                     920 	.db #0x00	; 0
      00036C 00                     921 	.db #0x00	; 0
      00036D 00                     922 	.db #0x00	; 0
      00036E 00                     923 	.db #0x00	; 0
      00036F 00                     924 	.db #0x00	; 0
      000370 00                     925 	.db #0x00	; 0
      000371 27                     926 	.db #0x27	; 39
      000372 28                     927 	.db #0x28	; 40
      000373 01                     928 	.db #0x01	; 1
      000374 17                     929 	.db #0x17	; 23
      000375 18                     930 	.db #0x18	; 24
      000376 00                     931 	.db #0x00	; 0
      000377 00                     932 	.db #0x00	; 0
      000378 00                     933 	.db #0x00	; 0
      000379 00                     934 	.db #0x00	; 0
      00037A 00                     935 	.db #0x00	; 0
      00037B 00                     936 	.db #0x00	; 0
      00037C 00                     937 	.db #0x00	; 0
      00037D 00                     938 	.db #0x00	; 0
      00037E 19                     939 	.db #0x19	; 25
      00037F 1A                     940 	.db #0x1a	; 26
      000380 1B                     941 	.db #0x1b	; 27
      000381 20                     942 	.db #0x20	; 32
      000382 00                     943 	.db #0x00	; 0
      000383 00                     944 	.db #0x00	; 0
      000384 00                     945 	.db #0x00	; 0
      000385 00                     946 	.db #0x00	; 0
      000386 00                     947 	.db #0x00	; 0
      000387 00                     948 	.db #0x00	; 0
      000388 00                     949 	.db #0x00	; 0
      000389 00                     950 	.db #0x00	; 0
      00038A 00                     951 	.db #0x00	; 0
      00038B 00                     952 	.db #0x00	; 0
      00038C 00                     953 	.db #0x00	; 0
      00038D 00                     954 	.db #0x00	; 0
      00038E 00                     955 	.db #0x00	; 0
      00038F 00                     956 	.db #0x00	; 0
      000390 00                     957 	.db #0x00	; 0
      000391 19                     958 	.db #0x19	; 25
      000392 1A                     959 	.db #0x1a	; 26
      000393 01                     960 	.db #0x01	; 1
      000394 1F                     961 	.db #0x1f	; 31
      000395 1C                     962 	.db #0x1c	; 28
      000396 00                     963 	.db #0x00	; 0
      000397 00                     964 	.db #0x00	; 0
      000398 00                     965 	.db #0x00	; 0
      000399 00                     966 	.db #0x00	; 0
      00039A 00                     967 	.db #0x00	; 0
      00039B 00                     968 	.db #0x00	; 0
      00039C 00                     969 	.db #0x00	; 0
      00039D 00                     970 	.db #0x00	; 0
      00039E 21                     971 	.db #0x21	; 33
      00039F 22                     972 	.db #0x22	; 34
      0003A0 47                     973 	.db #0x47	; 71	'G'
      0003A1 48                     974 	.db #0x48	; 72	'H'
      0003A2 00                     975 	.db #0x00	; 0
      0003A3 00                     976 	.db #0x00	; 0
      0003A4 00                     977 	.db #0x00	; 0
      0003A5 00                     978 	.db #0x00	; 0
      0003A6 00                     979 	.db #0x00	; 0
      0003A7 00                     980 	.db #0x00	; 0
      0003A8 00                     981 	.db #0x00	; 0
      0003A9 00                     982 	.db #0x00	; 0
      0003AA 00                     983 	.db #0x00	; 0
      0003AB 00                     984 	.db #0x00	; 0
      0003AC 00                     985 	.db #0x00	; 0
      0003AD 00                     986 	.db #0x00	; 0
      0003AE 00                     987 	.db #0x00	; 0
      0003AF 00                     988 	.db #0x00	; 0
      0003B0 00                     989 	.db #0x00	; 0
      0003B1 21                     990 	.db #0x21	; 33
      0003B2 22                     991 	.db #0x22	; 34
      0003B3 01                     992 	.db #0x01	; 1
      0003B4 1B                     993 	.db #0x1b	; 27
      0003B5 20                     994 	.db #0x20	; 32
      0003B6 00                     995 	.db #0x00	; 0
      0003B7 00                     996 	.db #0x00	; 0
      0003B8 00                     997 	.db #0x00	; 0
      0003B9 00                     998 	.db #0x00	; 0
      0003BA 00                     999 	.db #0x00	; 0
      0003BB 00                    1000 	.db #0x00	; 0
      0003BC 00                    1001 	.db #0x00	; 0
      0003BD 00                    1002 	.db #0x00	; 0
      0003BE 21                    1003 	.db #0x21	; 33
      0003BF 22                    1004 	.db #0x22	; 34
      0003C0 37                    1005 	.db #0x37	; 55	'7'
      0003C1 38                    1006 	.db #0x38	; 56	'8'
      0003C2 49                    1007 	.db #0x49	; 73	'I'
      0003C3 4A                    1008 	.db #0x4a	; 74	'J'
      0003C4 4B                    1009 	.db #0x4b	; 75	'K'
      0003C5 24                    1010 	.db #0x24	; 36
      0003C6 39                    1011 	.db #0x39	; 57	'9'
      0003C7 24                    1012 	.db #0x24	; 36
      0003C8 24                    1013 	.db #0x24	; 36
      0003C9 24                    1014 	.db #0x24	; 36
      0003CA 25                    1015 	.db #0x25	; 37
      0003CB 24                    1016 	.db #0x24	; 36
      0003CC 39                    1017 	.db #0x39	; 57	'9'
      0003CD 24                    1018 	.db #0x24	; 36
      0003CE 24                    1019 	.db #0x24	; 36
      0003CF 39                    1020 	.db #0x39	; 57	'9'
      0003D0 25                    1021 	.db #0x25	; 37
      0003D1 3A                    1022 	.db #0x3a	; 58
      0003D2 3B                    1023 	.db #0x3b	; 59
      0003D3 01                    1024 	.db #0x01	; 1
      0003D4 37                    1025 	.db #0x37	; 55	'7'
      0003D5 38                    1026 	.db #0x38	; 56	'8'
      0003D6 24                    1027 	.db #0x24	; 36
      0003D7 25                    1028 	.db #0x25	; 37
      0003D8 24                    1029 	.db #0x24	; 36
      0003D9 39                    1030 	.db #0x39	; 57	'9'
      0003DA 24                    1031 	.db #0x24	; 36
      0003DB 25                    1032 	.db #0x25	; 37
      0003DC 24                    1033 	.db #0x24	; 36
      0003DD 39                    1034 	.db #0x39	; 57	'9'
      0003DE 3A                    1035 	.db #0x3a	; 58
      0003DF 3B                    1036 	.db #0x3b	; 59
      0003E0 3C                    1037 	.db #0x3c	; 60
      0003E1 3D                    1038 	.db #0x3d	; 61
      0003E2 4C                    1039 	.db #0x4c	; 76	'L'
      0003E3 4D                    1040 	.db #0x4d	; 77	'M'
      0003E4 4E                    1041 	.db #0x4e	; 78	'N'
      0003E5 3E                    1042 	.db #0x3e	; 62
      0003E6 40                    1043 	.db #0x40	; 64
      0003E7 3E                    1044 	.db #0x3e	; 62
      0003E8 3E                    1045 	.db #0x3e	; 62
      0003E9 3E                    1046 	.db #0x3e	; 62
      0003EA 3F                    1047 	.db #0x3f	; 63
      0003EB 3E                    1048 	.db #0x3e	; 62
      0003EC 40                    1049 	.db #0x40	; 64
      0003ED 3E                    1050 	.db #0x3e	; 62
      0003EE 3E                    1051 	.db #0x3e	; 62
      0003EF 40                    1052 	.db #0x40	; 64
      0003F0 3F                    1053 	.db #0x3f	; 63
      0003F1 41                    1054 	.db #0x41	; 65	'A'
      0003F2 42                    1055 	.db #0x42	; 66	'B'
      0003F3 01                    1056 	.db #0x01	; 1
      0003F4 3C                    1057 	.db #0x3c	; 60
      0003F5 3D                    1058 	.db #0x3d	; 61
      0003F6 3E                    1059 	.db #0x3e	; 62
      0003F7 3F                    1060 	.db #0x3f	; 63
      0003F8 3E                    1061 	.db #0x3e	; 62
      0003F9 40                    1062 	.db #0x40	; 64
      0003FA 3E                    1063 	.db #0x3e	; 62
      0003FB 3F                    1064 	.db #0x3f	; 63
      0003FC 3E                    1065 	.db #0x3e	; 62
      0003FD 40                    1066 	.db #0x40	; 64
      0003FE 41                    1067 	.db #0x41	; 65	'A'
      0003FF 42                    1068 	.db #0x42	; 66	'B'
                                   1069 	.area _INITIALIZER
                                   1070 	.area _CABS (ABS)
