                                      1 ;--------------------------------------------------------
                                      2 ; File Created by SDCC : free open source ISO C Compiler 
                                      3 ; Version 4.3.2 #14228 (Linux)
                                      4 ;--------------------------------------------------------
                                      5 	.module main
                                      6 	.optsdcc -msm83
                                      7 	
                                      8 ;--------------------------------------------------------
                                      9 ; Public variables in this module
                                     10 ;--------------------------------------------------------
                                     11 	.globl _main
                                     12 	.globl _init_gfx
                                     13 	.globl _set_bkg_tiles
                                     14 	.globl _set_bkg_data
                                     15 	.globl _vsync
                                     16 ;--------------------------------------------------------
                                     17 ; special function registers
                                     18 ;--------------------------------------------------------
                                     19 ;--------------------------------------------------------
                                     20 ; ram data
                                     21 ;--------------------------------------------------------
                                     22 	.area _DATA
                                     23 ;--------------------------------------------------------
                                     24 ; ram data
                                     25 ;--------------------------------------------------------
                                     26 	.area _INITIALIZED
                                     27 ;--------------------------------------------------------
                                     28 ; absolute external ram data
                                     29 ;--------------------------------------------------------
                                     30 	.area _DABS (ABS)
                                     31 ;--------------------------------------------------------
                                     32 ; global & static initialisations
                                     33 ;--------------------------------------------------------
                                     34 	.area _HOME
                                     35 	.area _GSINIT
                                     36 	.area _GSFINAL
                                     37 	.area _GSINIT
                                     38 ;--------------------------------------------------------
                                     39 ; Home
                                     40 ;--------------------------------------------------------
                                     41 	.area _HOME
                                     42 	.area _HOME
                                     43 ;--------------------------------------------------------
                                     44 ; code
                                     45 ;--------------------------------------------------------
                                     46 	.area _CODE
                                     47 ;src/main.c:7: void init_gfx(void) {
                                     48 ;	---------------------------------
                                     49 ; Function init_gfx
                                     50 ; ---------------------------------
      000000                         51 _init_gfx::
                                     52 ;src/main.c:9: set_bkg_data(0, 79u, dungeon_tiles);
      000000 11r00r00         [12]   53 	ld	de, #_dungeon_tiles
      000003 D5               [16]   54 	push	de
      000004 21 00 4F         [12]   55 	ld	hl, #0x4f00
      000007 E5               [16]   56 	push	hl
      000008 CDr00r00         [24]   57 	call	_set_bkg_data
      00000B E8 04            [16]   58 	add	sp, #4
                                     59 ;src/main.c:10: set_bkg_tiles(0, 0, 32u, 32u, dungeon_mapPLN0);
      00000D 11r00r00         [12]   60 	ld	de, #_dungeon_mapPLN0
      000010 D5               [16]   61 	push	de
      000011 21 20 20         [12]   62 	ld	hl, #0x2020
      000014 E5               [16]   63 	push	hl
      000015 AF               [ 4]   64 	xor	a, a
      000016 0F               [ 4]   65 	rrca
      000017 F5               [16]   66 	push	af
      000018 CDr00r00         [24]   67 	call	_set_bkg_tiles
      00001B E8 06            [16]   68 	add	sp, #6
                                     69 ;src/main.c:13: SHOW_BKG;
      00001D F0r00            [12]   70 	ldh	a, (_LCDC_REG + 0)
      00001F F6 01            [ 8]   71 	or	a, #0x01
      000021 E0r00            [12]   72 	ldh	(_LCDC_REG + 0), a
                                     73 ;src/main.c:14: }
      000023 C9               [16]   74 	ret
                                     75 ;src/main.c:17: void main(void)
                                     76 ;	---------------------------------
                                     77 ; Function main
                                     78 ; ---------------------------------
      000024                         79 _main::
                                     80 ;src/main.c:19: init_gfx();
      000024 CDr00r00         [24]   81 	call	_init_gfx
                                     82 ;src/main.c:22: while(1) {
      000027                         83 00102$:
                                     84 ;src/main.c:29: vsync();
      000027 CDr00r00         [24]   85 	call	_vsync
                                     86 ;src/main.c:31: }
      00002A 18 FB            [12]   87 	jr	00102$
                                     88 	.area _CODE
                                     89 	.area _INITIALIZER
                                     90 	.area _CABS (ABS)
