                                      1 ;--------------------------------------------------------
                                      2 ; File Created by SDCC : free open source ISO C Compiler 
                                      3 ; Version 4.3.2 #14228 (Linux)
                                      4 ;--------------------------------------------------------
                                      5 	.module example_image
                                      6 	.optsdcc -msm83
                                      7 	
                                      8 ;--------------------------------------------------------
                                      9 ; Public variables in this module
                                     10 ;--------------------------------------------------------
                                     11 	.globl _example_image_data
                                     12 	.globl b___func_example_image_palette
                                     13 	.globl ___func_example_image_palette
                                     14 	.globl b___func_example_image_attr
                                     15 	.globl ___func_example_image_attr
                                     16 	.globl b___func_example_image_map
                                     17 	.globl ___func_example_image_map
                                     18 	.globl b___func_example_image_tiles
                                     19 	.globl ___func_example_image_tiles
                                     20 	.globl b___func_example_image
                                     21 	.globl ___func_example_image
                                     22 ;--------------------------------------------------------
                                     23 ; special function registers
                                     24 ;--------------------------------------------------------
                                     25 ;--------------------------------------------------------
                                     26 ; ram data
                                     27 ;--------------------------------------------------------
                                     28 	.area _DATA
                                     29 ;--------------------------------------------------------
                                     30 ; ram data
                                     31 ;--------------------------------------------------------
                                     32 	.area _INITIALIZED
                                     33 ;--------------------------------------------------------
                                     34 ; absolute external ram data
                                     35 ;--------------------------------------------------------
                                     36 	.area _DABS (ABS)
                                     37 ;--------------------------------------------------------
                                     38 ; global & static initialisations
                                     39 ;--------------------------------------------------------
                                     40 	.area _HOME
                                     41 	.area _GSINIT
                                     42 	.area _GSFINAL
                                     43 	.area _GSINIT
                                     44 ;--------------------------------------------------------
                                     45 ; Home
                                     46 ;--------------------------------------------------------
                                     47 	.area _HOME
                                     48 	.area _HOME
                                     49 ;--------------------------------------------------------
                                     50 ; code
                                     51 ;--------------------------------------------------------
                                     52 	.area _CODE_255
                           000000    53 	G$__func_example_image$0$0	= .
                                     54 	.globl	G$__func_example_image$0$0
                           000000    55 	C$example_image.c$5$0_0$134	= .
                                     56 	.globl	C$example_image.c$5$0_0$134
                                     57 ;obj/example_image.c:5: BANKREF(example_image)
                                     58 ;	---------------------------------
                                     59 ; Function __func_example_image
                                     60 ; ---------------------------------
                           0000FF    61 	b___func_example_image	= 255
      000000                         62 ___func_example_image::
                                     63 	.local b___func_example_image 
                           0000FF    64 	___bank_example_image = b___func_example_image 
                                     65 	.globl ___bank_example_image 
                           000000    66 	G$__func_example_image_tiles$0$0	= .
                                     67 	.globl	G$__func_example_image_tiles$0$0
                           000000    68 	C$example_image.c$13$1_0$139	= .
                                     69 	.globl	C$example_image.c$13$1_0$139
                                     70 ;obj/example_image.c:13: INCBIN(example_image_tiles,   "obj/example_image.til")
                                     71 ;	---------------------------------
                                     72 ; Function __func_example_image_tiles
                                     73 ; ---------------------------------
                           0000FF    74 	b___func_example_image_tiles	= 255
      000000                         75 ___func_example_image_tiles::
      000000                         76 _example_image_tiles::
      000000                         77 1$:
      000000 73 60 A1 42 05 03 06    78 	.incbin "obj/example_image.til" 
             FD 84 7F C0 24 00 03
             01 A1 DF 5B B3 71 B0
             50 A0 1F B0 4F 60 90
             F0 70 78 E0 00 34 1B
             C6 29 F7 30 01 00 3F
             00 36 00 73 51 E0 00
             E0 10 A8 8C 03 00 87
             1C E3 3F CE 19 3E 0E
             87 00 00 1F 20 7E DC
             1B 25 0E 0C 06 8B C1
             E3 00 40 00 0C 04 83
             06 05 C6 A2 73 E2 39
             19 04 88 00 84 00 01
             00 19 3E C1 00 40 60
             10 58 60 6C C8 66 28
             00 F0 E0 10 FC 3A C0
             22 FF 10 FE 0D F4 4B
             4F BF
      001660                         79 2$:
                           001660    80 	___size_example_image_tiles = (2$-1$) 
                                     81 	.globl ___size_example_image_tiles 
                                     82 	.local b___func_example_image_tiles 
                           0000FF    83 	___bank_example_image_tiles = b___func_example_image_tiles 
                                     84 	.globl ___bank_example_image_tiles 
                           001660    85 	G$__func_example_image_map$0$0	= .
                                     86 	.globl	G$__func_example_image_map$0$0
                           001660    87 	C$example_image.c$14$1_0$141	= .
                                     88 	.globl	C$example_image.c$14$1_0$141
                                     89 ;obj/example_image.c:14: INCBIN(example_image_map,     "obj/example_image.map")
                                     90 ;	---------------------------------
                                     91 ; Function __func_example_image_map
                                     92 ; ---------------------------------
                           0000FF    93 	b___func_example_image_map	= 255
      001660                         94 ___func_example_image_map::
      001660                         95 _example_image_map::
      001660                         96 1$:
      001660 00 01 02 03 04 05 06    97 	.incbin "obj/example_image.map" 
             07 08 09 0A 0B 0C 0D
             0E 0F 10 11 12 13 14
             15 16 17 18 19 1A 1B
             1C 1D 1E 1F 20 21 22
             23 24 25 26 27 28 29
             2A 2B 2C 2D 2E 2F 30
             31 32 33 34 35 36 37
             38 39 3A 3B 3C 3D 3E
             3F 40 41 42 43 44 45
             46 47 48 49 4A 4B 4C
             4D 4D 4E 4F 50 51 52
             53 54 55 56 57 58 59
             5A 5B 5C 5D 5E 5F 60
             61 62 63 64 65 66 67
             68 69 6A 6B 6C 6D 6E
             6F 70 71 72 73 74 4D
             75 76 77 78 79 7A 7B
             7C 7D
      0017C8                         98 2$:
                           000168    99 	___size_example_image_map = (2$-1$) 
                                    100 	.globl ___size_example_image_map 
                                    101 	.local b___func_example_image_map 
                           0000FF   102 	___bank_example_image_map = b___func_example_image_map 
                                    103 	.globl ___bank_example_image_map 
                           0017C8   104 	G$__func_example_image_attr$0$0	= .
                                    105 	.globl	G$__func_example_image_attr$0$0
                           0017C8   106 	C$example_image.c$15$1_0$143	= .
                                    107 	.globl	C$example_image.c$15$1_0$143
                                    108 ;obj/example_image.c:15: INCBIN(example_image_attr,    "obj/example_image.atr")
                                    109 ;	---------------------------------
                                    110 ; Function __func_example_image_attr
                                    111 ; ---------------------------------
                           0000FF   112 	b___func_example_image_attr	= 255
      0017C8                        113 ___func_example_image_attr::
      0017C8                        114 _example_image_attr::
      0017C8                        115 1$:
      0017C8 00 00 01 01 01 02 02   116 	.incbin "obj/example_image.atr" 
             03 03 03 04 04 05 05
             06 06 06 06 07 07 00
             00 01 01 01 02 02 03
             03 03 04 04 04 04 05
             05 06 06 07 07 00 00
             01 01 01 02 02 03 03
             03 04 04 05 05 06 06
             06 06 07 07 00 00 01
             01 01 02 02 03 03 03
             04 04 05 05 06 06 06
             07 07 07 00 00 01 01
             01 02 02 03 03 03 04
             04 04 05 05 06 06 06
             07 07 00 00 01 01 01
             02 02 03 03 03 04 04
             04 05 05 06 06 06 47
             07 00 00 01 01 01 02
             02 03
      001930                        117 2$:
                           000168   118 	___size_example_image_attr = (2$-1$) 
                                    119 	.globl ___size_example_image_attr 
                                    120 	.local b___func_example_image_attr 
                           0000FF   121 	___bank_example_image_attr = b___func_example_image_attr 
                                    122 	.globl ___bank_example_image_attr 
                           001930   123 	G$__func_example_image_palette$0$0	= .
                                    124 	.globl	G$__func_example_image_palette$0$0
                           001930   125 	C$example_image.c$16$1_0$145	= .
                                    126 	.globl	C$example_image.c$16$1_0$145
                                    127 ;obj/example_image.c:16: INCBIN(example_image_palette, "obj/example_image.pal")
                                    128 ;	---------------------------------
                                    129 ; Function __func_example_image_palette
                                    130 ; ---------------------------------
                           0000FF   131 	b___func_example_image_palette	= 255
      001930                        132 ___func_example_image_palette::
      001930                        133 _example_image_palette::
      001930                        134 1$:
      001930 40 14 05 25 AB 49 A2   135 	.incbin "obj/example_image.pal" 
             1C 80 1C 46 29 E4 20
             AB 49 A0 20 8A 45 E3
             24 AB 49 40 10 E3 24
             80 1C AB 49 00 04 40
             10 20 10 00 08 00 04
             01 20 00 14 02 34 02
             30 01 20 00 14 02 34
             02 28 02 30 02 2C 02
             34 80 18 26 25 68 29
             C2 20 80 1C E4 24 C2
             20 25 29 A0 20 46 31
             03 29 EA 39 20 10 03
             29 81 1C 46 31 00 08
             40 10 20 0C 40 14 00
             08 01 24 02 34 01 18
             01 30 02 30 02 34 01
             18 02 2C 02 30 02 34
             01 18
      002B51                        136 2$:
                           001221   137 	___size_example_image_palette = (2$-1$) 
                                    138 	.globl ___size_example_image_palette 
                                    139 	.local b___func_example_image_palette 
                           0000FF   140 	___bank_example_image_palette = b___func_example_image_palette 
                                    141 	.globl ___bank_example_image_palette 
                                    142 	.area _CODE_255
                           002B51   143 G$example_image_data$0_0$0 == .
      002B51                        144 _example_image_data:
      002B51 66 01                  145 	.dw #0x0166
      002B53 12                     146 	.db #0x12	; 18
      002B54r00r00                  147 	.dw _example_image_tiles
      002B56r60r16                  148 	.dw _example_image_map
      002B58rC8r17                  149 	.dw _example_image_attr
      002B5Ar30r19                  150 	.dw _example_image_palette
                                    151 	.area _INITIALIZER
                                    152 	.area _CABS (ABS)
